{"/Users/yakky/Downloads/project/backend/src/db/client.ts": {"path":"/Users/yakky/Downloads/project/backend/src/db/client.ts","statementMap":{"0":{"start":{"line":1,"column":0},"end":{"line":1,"column":46}},"1":{"start":{"line":2,"column":0},"end":{"line":2,"column":34}},"2":{"start":{"line":5,"column":24},"end":{"line":5,"column":69}},"3":{"start":{"line":7,"column":13},"end":{"line":11,"column":null}},"4":{"start":{"line":14,"column":0},"end":{"line":16,"column":1}},"5":{"start":{"line":15,"column":2},"end":{"line":15,"column":null}}},"fnMap":{},"branchMap":{"0":{"loc":{"start":{"line":8,"column":2},"end":{"line":11,"column":4}},"type":"binary-expr","locations":[{"start":{"line":8,"column":2},"end":{"line":8,"column":24}},{"start":{"line":9,"column":2},"end":{"line":11,"column":4}}]},"1":{"loc":{"start":{"line":10,"column":9},"end":{"line":10,"column":78}},"type":"cond-expr","locations":[{"start":{"line":10,"column":40},"end":{"line":10,"column":66}},{"start":{"line":10,"column":69},"end":{"line":10,"column":78}}]},"2":{"loc":{"start":{"line":14,"column":0},"end":{"line":16,"column":1}},"type":"if","locations":[{"start":{"line":14,"column":0},"end":{"line":16,"column":1}}]}},"s":{"0":1,"1":1,"2":1,"3":1,"4":1,"5":0},"f":{},"b":{"0":[1,1],"1":[0,1],"2":[0]}}
,"/Users/yakky/Downloads/project/backend/src/db/prisma.ts": {"path":"/Users/yakky/Downloads/project/backend/src/db/prisma.ts","statementMap":{"0":{"start":{"line":1,"column":0},"end":{"line":1,"column":45}},"1":{"start":{"line":4,"column":13},"end":{"line":9,"column":null}},"2":{"start":{"line":12,"column":13},"end":{"line":21,"column":null}},"3":{"start":{"line":13,"column":28},"end":{"line":13,"column":69}},"4":{"start":{"line":14,"column":34},"end":{"line":14,"column":78}},"5":{"start":{"line":15,"column":25},"end":{"line":15,"column":53}},"6":{"start":{"line":17,"column":4},"end":{"line":17,"column":47}},"7":{"start":{"line":18,"column":26},"end":{"line":18,"column":63}},"8":{"start":{"line":20,"column":4},"end":{"line":20,"column":32}},"9":{"start":{"line":23,"column":13},"end":{"line":36,"column":null}},"10":{"start":{"line":24,"column":28},"end":{"line":24,"column":73}},"11":{"start":{"line":25,"column":25},"end":{"line":25,"column":57}},"12":{"start":{"line":27,"column":4},"end":{"line":27,"column":51}},"13":{"start":{"line":28,"column":26},"end":{"line":28,"column":67}},"14":{"start":{"line":30,"column":4},"end":{"line":35,"column":6}}},"fnMap":{"0":{"name":"(anonymous_0)","decl":{"start":{"line":13,"column":12},"end":{"line":13,"column":13}},"loc":{"start":{"line":13,"column":28},"end":{"line":13,"column":69}}},"1":{"name":"(anonymous_1)","decl":{"start":{"line":14,"column":15},"end":{"line":14,"column":16}},"loc":{"start":{"line":14,"column":34},"end":{"line":14,"column":78}}},"2":{"name":"(anonymous_2)","decl":{"start":{"line":15,"column":10},"end":{"line":15,"column":11}},"loc":{"start":{"line":15,"column":25},"end":{"line":15,"column":53}}},"3":{"name":"(anonymous_3)","decl":{"start":{"line":16,"column":10},"end":{"line":16,"column":11}},"loc":{"start":{"line":17,"column":4},"end":{"line":17,"column":47}}},"4":{"name":"(anonymous_4)","decl":{"start":{"line":18,"column":10},"end":{"line":18,"column":11}},"loc":{"start":{"line":18,"column":26},"end":{"line":18,"column":63}}},"5":{"name":"(anonymous_5)","decl":{"start":{"line":19,"column":11},"end":{"line":19,"column":12}},"loc":{"start":{"line":20,"column":4},"end":{"line":20,"column":32}}},"6":{"name":"(anonymous_6)","decl":{"start":{"line":24,"column":12},"end":{"line":24,"column":13}},"loc":{"start":{"line":24,"column":28},"end":{"line":24,"column":73}}},"7":{"name":"(anonymous_7)","decl":{"start":{"line":25,"column":10},"end":{"line":25,"column":11}},"loc":{"start":{"line":25,"column":25},"end":{"line":25,"column":57}}},"8":{"name":"(anonymous_8)","decl":{"start":{"line":26,"column":10},"end":{"line":26,"column":11}},"loc":{"start":{"line":27,"column":4},"end":{"line":27,"column":51}}},"9":{"name":"(anonymous_9)","decl":{"start":{"line":28,"column":10},"end":{"line":28,"column":11}},"loc":{"start":{"line":28,"column":26},"end":{"line":28,"column":67}}},"10":{"name":"(anonymous_10)","decl":{"start":{"line":29,"column":16},"end":{"line":29,"column":17}},"loc":{"start":{"line":30,"column":4},"end":{"line":35,"column":6}}}},"branchMap":{"0":{"loc":{"start":{"line":6,"column":4},"end":{"line":8,"column":17}},"type":"cond-expr","locations":[{"start":{"line":7,"column":8},"end":{"line":7,"column":34}},{"start":{"line":8,"column":8},"end":{"line":8,"column":17}}]}},"s":{"0":1,"1":1,"2":1,"3":0,"4":0,"5":0,"6":0,"7":0,"8":0,"9":1,"10":0,"11":0,"12":0,"13":0,"14":0},"f":{"0":0,"1":0,"2":0,"3":0,"4":0,"5":0,"6":0,"7":0,"8":0,"9":0,"10":0},"b":{"0":[0,1]}}
,"/Users/yakky/Downloads/project/backend/src/db/supabase.ts": {"path":"/Users/yakky/Downloads/project/backend/src/db/supabase.ts","statementMap":{"0":{"start":{"line":1,"column":0},"end":{"line":1,"column":52}},"1":{"start":{"line":2,"column":0},"end":{"line":2,"column":34}},"2":{"start":{"line":5,"column":20},"end":{"line":5,"column":74}},"3":{"start":{"line":7,"column":2},"end":{"line":7,"column":65}},"4":{"start":{"line":9,"column":0},"end":{"line":13,"column":1}},"5":{"start":{"line":10,"column":2},"end":{"line":12,"column":null}},"6":{"start":{"line":15,"column":13},"end":{"line":15,"column":null}},"7":{"start":{"line":17,"column":0},"end":{"line":17,"column":null}}},"fnMap":{},"branchMap":{"0":{"loc":{"start":{"line":5,"column":20},"end":{"line":5,"column":74}},"type":"binary-expr","locations":[{"start":{"line":5,"column":20},"end":{"line":5,"column":40}},{"start":{"line":5,"column":44},"end":{"line":5,"column":68}},{"start":{"line":5,"column":72},"end":{"line":5,"column":74}}]},"1":{"loc":{"start":{"line":7,"column":2},"end":{"line":7,"column":65}},"type":"binary-expr","locations":[{"start":{"line":7,"column":2},"end":{"line":7,"column":26}},{"start":{"line":7,"column":30},"end":{"line":7,"column":59}},{"start":{"line":7,"column":63},"end":{"line":7,"column":65}}]},"2":{"loc":{"start":{"line":9,"column":0},"end":{"line":13,"column":1}},"type":"if","locations":[{"start":{"line":9,"column":0},"end":{"line":13,"column":1}}]},"3":{"loc":{"start":{"line":9,"column":4},"end":{"line":9,"column":32}},"type":"binary-expr","locations":[{"start":{"line":9,"column":4},"end":{"line":9,"column":16}},{"start":{"line":9,"column":20},"end":{"line":9,"column":32}}]}},"s":{"0":0,"1":0,"2":0,"3":0,"4":0,"5":0,"6":0,"7":0},"f":{},"b":{"0":[0,0,0],"1":[0,0,0],"2":[0],"3":[0,0]}}
,"/Users/yakky/Downloads/project/backend/src/db/repositories/metadata.repository.ts": {"path":"/Users/yakky/Downloads/project/backend/src/db/repositories/metadata.repository.ts","statementMap":{"0":{"start":{"line":2,"column":0},"end":{"line":2,"column":34}},"1":{"start":{"line":8,"column":13},"end":{"line":218,"column":null}},"2":{"start":{"line":13,"column":4},"end":{"line":15,"column":null}},"3":{"start":{"line":22,"column":4},"end":{"line":24,"column":null}},"4":{"start":{"line":34,"column":4},"end":{"line":37,"column":null}},"5":{"start":{"line":44,"column":4},"end":{"line":46,"column":null}},"6":{"start":{"line":65,"column":8},"end":{"line":65,"column":13}},"7":{"start":{"line":68,"column":45},"end":{"line":68,"column":47}},"8":{"start":{"line":70,"column":4},"end":{"line":76,"column":5}},"9":{"start":{"line":71,"column":6},"end":{"line":75,"column":null}},"10":{"start":{"line":78,"column":4},"end":{"line":82,"column":5}},"11":{"start":{"line":79,"column":6},"end":{"line":81,"column":null}},"12":{"start":{"line":84,"column":4},"end":{"line":89,"column":5}},"13":{"start":{"line":85,"column":6},"end":{"line":88,"column":null}},"14":{"start":{"line":91,"column":4},"end":{"line":96,"column":5}},"15":{"start":{"line":92,"column":6},"end":{"line":95,"column":null}},"16":{"start":{"line":98,"column":4},"end":{"line":102,"column":5}},"17":{"start":{"line":99,"column":6},"end":{"line":101,"column":null}},"18":{"start":{"line":104,"column":4},"end":{"line":108,"column":5}},"19":{"start":{"line":105,"column":6},"end":{"line":107,"column":null}},"20":{"start":{"line":110,"column":4},"end":{"line":115,"column":5}},"21":{"start":{"line":111,"column":6},"end":{"line":114,"column":null}},"22":{"start":{"line":118,"column":18},"end":{"line":118,"column":56}},"23":{"start":{"line":121,"column":21},"end":{"line":137,"column":6}},"24":{"start":{"line":139,"column":4},"end":{"line":145,"column":null}},"25":{"start":{"line":152,"column":55},"end":{"line":152,"column":60}},"26":{"start":{"line":155,"column":45},"end":{"line":157,"column":null}},"27":{"start":{"line":159,"column":4},"end":{"line":164,"column":5}},"28":{"start":{"line":160,"column":6},"end":{"line":163,"column":null}},"29":{"start":{"line":167,"column":18},"end":{"line":167,"column":56}},"30":{"start":{"line":170,"column":21},"end":{"line":177,"column":6}},"31":{"start":{"line":179,"column":4},"end":{"line":185,"column":null}},"32":{"start":{"line":192,"column":4},"end":{"line":192,"column":null}},"33":{"start":{"line":199,"column":4},"end":{"line":205,"column":null}},"34":{"start":{"line":212,"column":4},"end":{"line":216,"column":null}}},"fnMap":{"0":{"name":"(anonymous_0)","decl":{"start":{"line":12,"column":12},"end":{"line":12,"column":17}},"loc":{"start":{"line":12,"column":59},"end":{"line":16,"column":3}}},"1":{"name":"(anonymous_1)","decl":{"start":{"line":21,"column":10},"end":{"line":21,"column":15}},"loc":{"start":{"line":21,"column":72},"end":{"line":25,"column":3}}},"2":{"name":"(anonymous_2)","decl":{"start":{"line":30,"column":10},"end":{"line":30,"column":15}},"loc":{"start":{"line":33,"column":25},"end":{"line":38,"column":3}}},"3":{"name":"(anonymous_3)","decl":{"start":{"line":43,"column":10},"end":{"line":43,"column":15}},"loc":{"start":{"line":43,"column":50},"end":{"line":47,"column":3}}},"4":{"name":"(anonymous_4)","decl":{"start":{"line":52,"column":11},"end":{"line":52,"column":16}},"loc":{"start":{"line":52,"column":48},"end":{"line":146,"column":3}}},"5":{"name":"(anonymous_5)","decl":{"start":{"line":151,"column":16},"end":{"line":151,"column":21}},"loc":{"start":{"line":151,"column":69},"end":{"line":186,"column":3}}},"6":{"name":"(anonymous_6)","decl":{"start":{"line":191,"column":9},"end":{"line":191,"column":14}},"loc":{"start":{"line":191,"column":37},"end":{"line":193,"column":3}}},"7":{"name":"(anonymous_7)","decl":{"start":{"line":198,"column":21},"end":{"line":198,"column":26}},"loc":{"start":{"line":198,"column":59},"end":{"line":206,"column":3}}},"8":{"name":"(anonymous_8)","decl":{"start":{"line":211,"column":18},"end":{"line":211,"column":23}},"loc":{"start":{"line":211,"column":73},"end":{"line":217,"column":3}}}},"branchMap":{"0":{"loc":{"start":{"line":70,"column":4},"end":{"line":76,"column":5}},"type":"if","locations":[{"start":{"line":70,"column":4},"end":{"line":76,"column":5}}]},"1":{"loc":{"start":{"line":78,"column":4},"end":{"line":82,"column":5}},"type":"if","locations":[{"start":{"line":78,"column":4},"end":{"line":82,"column":5}}]},"2":{"loc":{"start":{"line":84,"column":4},"end":{"line":89,"column":5}},"type":"if","locations":[{"start":{"line":84,"column":4},"end":{"line":89,"column":5}}]},"3":{"loc":{"start":{"line":91,"column":4},"end":{"line":96,"column":5}},"type":"if","locations":[{"start":{"line":91,"column":4},"end":{"line":96,"column":5}}]},"4":{"loc":{"start":{"line":98,"column":4},"end":{"line":102,"column":5}},"type":"if","locations":[{"start":{"line":98,"column":4},"end":{"line":102,"column":5}}]},"5":{"loc":{"start":{"line":104,"column":4},"end":{"line":108,"column":5}},"type":"if","locations":[{"start":{"line":104,"column":4},"end":{"line":108,"column":5}}]},"6":{"loc":{"start":{"line":110,"column":4},"end":{"line":115,"column":5}},"type":"if","locations":[{"start":{"line":110,"column":4},"end":{"line":115,"column":5}}]},"7":{"loc":{"start":{"line":159,"column":4},"end":{"line":164,"column":5}},"type":"if","locations":[{"start":{"line":159,"column":4},"end":{"line":164,"column":5}}]}},"s":{"0":0,"1":0,"2":0,"3":0,"4":0,"5":0,"6":0,"7":0,"8":0,"9":0,"10":0,"11":0,"12":0,"13":0,"14":0,"15":0,"16":0,"17":0,"18":0,"19":0,"20":0,"21":0,"22":0,"23":0,"24":0,"25":0,"26":0,"27":0,"28":0,"29":0,"30":0,"31":0,"32":0,"33":0,"34":0},"f":{"0":0,"1":0,"2":0,"3":0,"4":0,"5":0,"6":0,"7":0,"8":0},"b":{"0":[0],"1":[0],"2":[0],"3":[0],"4":[0],"5":[0],"6":[0],"7":[0]}}
,"/Users/yakky/Downloads/project/backend/src/db/repositories/user.repository.ts": {"path":"/Users/yakky/Downloads/project/backend/src/db/repositories/user.repository.ts","statementMap":{"0":{"start":{"line":2,"column":0},"end":{"line":2,"column":34}},"1":{"start":{"line":8,"column":13},"end":{"line":134,"column":null}},"2":{"start":{"line":13,"column":4},"end":{"line":15,"column":null}},"3":{"start":{"line":22,"column":4},"end":{"line":24,"column":null}},"4":{"start":{"line":31,"column":4},"end":{"line":33,"column":null}},"5":{"start":{"line":40,"column":4},"end":{"line":43,"column":null}},"6":{"start":{"line":50,"column":4},"end":{"line":52,"column":null}},"7":{"start":{"line":59,"column":61},"end":{"line":59,"column":66}},"8":{"start":{"line":62,"column":41},"end":{"line":62,"column":43}},"9":{"start":{"line":64,"column":4},"end":{"line":70,"column":5}},"10":{"start":{"line":65,"column":6},"end":{"line":69,"column":null}},"11":{"start":{"line":72,"column":4},"end":{"line":74,"column":5}},"12":{"start":{"line":73,"column":6},"end":{"line":73,"column":null}},"13":{"start":{"line":77,"column":18},"end":{"line":77,"column":52}},"14":{"start":{"line":80,"column":18},"end":{"line":87,"column":6}},"15":{"start":{"line":89,"column":4},"end":{"line":95,"column":null}},"16":{"start":{"line":102,"column":4},"end":{"line":102,"column":null}},"17":{"start":{"line":109,"column":4},"end":{"line":115,"column":null}},"18":{"start":{"line":122,"column":24},"end":{"line":127,"column":6}},"19":{"start":{"line":129,"column":4},"end":{"line":132,"column":null}},"20":{"start":{"line":130,"column":6},"end":{"line":130,"column":null}},"21":{"start":{"line":131,"column":6},"end":{"line":131,"column":null}}},"fnMap":{"0":{"name":"(anonymous_0)","decl":{"start":{"line":12,"column":12},"end":{"line":12,"column":17}},"loc":{"start":{"line":12,"column":55},"end":{"line":16,"column":3}}},"1":{"name":"(anonymous_1)","decl":{"start":{"line":21,"column":15},"end":{"line":21,"column":20}},"loc":{"start":{"line":21,"column":61},"end":{"line":25,"column":3}}},"2":{"name":"(anonymous_2)","decl":{"start":{"line":30,"column":10},"end":{"line":30,"column":15}},"loc":{"start":{"line":30,"column":64},"end":{"line":34,"column":3}}},"3":{"name":"(anonymous_3)","decl":{"start":{"line":39,"column":10},"end":{"line":39,"column":15}},"loc":{"start":{"line":39,"column":76},"end":{"line":44,"column":3}}},"4":{"name":"(anonymous_4)","decl":{"start":{"line":49,"column":10},"end":{"line":49,"column":15}},"loc":{"start":{"line":49,"column":46},"end":{"line":53,"column":3}}},"5":{"name":"(anonymous_5)","decl":{"start":{"line":58,"column":11},"end":{"line":58,"column":16}},"loc":{"start":{"line":58,"column":42},"end":{"line":96,"column":3}}},"6":{"name":"(anonymous_6)","decl":{"start":{"line":101,"column":9},"end":{"line":101,"column":14}},"loc":{"start":{"line":101,"column":37},"end":{"line":103,"column":3}}},"7":{"name":"(anonymous_7)","decl":{"start":{"line":108,"column":21},"end":{"line":108,"column":26}},"loc":{"start":{"line":108,"column":59},"end":{"line":116,"column":3}}},"8":{"name":"(anonymous_8)","decl":{"start":{"line":121,"column":15},"end":{"line":121,"column":20}},"loc":{"start":{"line":121,"column":59},"end":{"line":133,"column":3}}},"9":{"name":"(anonymous_9)","decl":{"start":{"line":129,"column":30},"end":{"line":129,"column":31}},"loc":{"start":{"line":129,"column":44},"end":{"line":132,"column":5}}}},"branchMap":{"0":{"loc":{"start":{"line":64,"column":4},"end":{"line":70,"column":5}},"type":"if","locations":[{"start":{"line":64,"column":4},"end":{"line":70,"column":5}}]},"1":{"loc":{"start":{"line":72,"column":4},"end":{"line":74,"column":5}},"type":"if","locations":[{"start":{"line":72,"column":4},"end":{"line":74,"column":5}}]}},"s":{"0":1,"1":1,"2":0,"3":0,"4":0,"5":0,"6":0,"7":0,"8":0,"9":0,"10":0,"11":0,"12":0,"13":0,"14":0,"15":0,"16":0,"17":0,"18":0,"19":0,"20":0,"21":0},"f":{"0":0,"1":0,"2":0,"3":0,"4":0,"5":0,"6":0,"7":0,"8":0,"9":0},"b":{"0":[0],"1":[0]}}
,"/Users/yakky/Downloads/project/backend/src/middleware/auth.ts": {"path":"/Users/yakky/Downloads/project/backend/src/middleware/auth.ts","statementMap":{"0":{"start":{"line":70,"column":0},"end":{"line":70,"column":16}},"1":{"start":{"line":2,"column":0},"end":{"line":2,"column":42}},"2":{"start":{"line":3,"column":0},"end":{"line":3,"column":42}},"3":{"start":{"line":4,"column":0},"end":{"line":4,"column":46}},"4":{"start":{"line":11,"column":21},"end":{"line":11,"column":50}},"5":{"start":{"line":13,"column":2},"end":{"line":15,"column":3}},"6":{"start":{"line":14,"column":4},"end":{"line":14,"column":null}},"7":{"start":{"line":17,"column":16},"end":{"line":17,"column":40}},"8":{"start":{"line":19,"column":2},"end":{"line":30,"column":3}},"9":{"start":{"line":20,"column":20},"end":{"line":20,"column":44}},"10":{"start":{"line":23,"column":4},"end":{"line":23,"column":null}},"11":{"start":{"line":24,"column":4},"end":{"line":24,"column":null}},"12":{"start":{"line":25,"column":4},"end":{"line":25,"column":null}},"13":{"start":{"line":27,"column":4},"end":{"line":27,"column":null}},"14":{"start":{"line":29,"column":4},"end":{"line":29,"column":null}},"15":{"start":{"line":37,"column":2},"end":{"line":45,"column":null}},"16":{"start":{"line":38,"column":21},"end":{"line":38,"column":38}},"17":{"start":{"line":40,"column":4},"end":{"line":42,"column":5}},"18":{"start":{"line":41,"column":6},"end":{"line":41,"column":null}},"19":{"start":{"line":44,"column":4},"end":{"line":44,"column":null}},"20":{"start":{"line":52,"column":2},"end":{"line":64,"column":null}},"21":{"start":{"line":53,"column":19},"end":{"line":53,"column":34}},"22":{"start":{"line":54,"column":21},"end":{"line":54,"column":38}},"23":{"start":{"line":56,"column":4},"end":{"line":61,"column":5}},"24":{"start":{"line":57,"column":6},"end":{"line":60,"column":null}},"25":{"start":{"line":63,"column":4},"end":{"line":63,"column":null}},"26":{"start":{"line":71,"column":2},"end":{"line":71,"column":null}},"27":{"start":{"line":77,"column":13},"end":{"line":90,"column":null}},"28":{"start":{"line":79,"column":39},"end":{"line":79,"column":71}},"29":{"start":{"line":86,"column":51},"end":{"line":89,"column":null}}},"fnMap":{"0":{"name":"authenticate","decl":{"start":{"line":10,"column":15},"end":{"line":10,"column":27}},"loc":{"start":{"line":10,"column":50},"end":{"line":31,"column":1}}},"1":{"name":"authorize","decl":{"start":{"line":36,"column":9},"end":{"line":36,"column":18}},"loc":{"start":{"line":36,"column":36},"end":{"line":46,"column":1}}},"2":{"name":"(anonymous_2)","decl":{"start":{"line":37,"column":9},"end":{"line":37,"column":14}},"loc":{"start":{"line":37,"column":42},"end":{"line":45,"column":3}}},"3":{"name":"authorizeOwnerOrAdmin","decl":{"start":{"line":51,"column":9},"end":{"line":51,"column":30}},"loc":{"start":{"line":51,"column":53},"end":{"line":65,"column":1}}},"4":{"name":"(anonymous_4)","decl":{"start":{"line":52,"column":9},"end":{"line":52,"column":14}},"loc":{"start":{"line":52,"column":42},"end":{"line":64,"column":3}}},"5":{"name":"authMiddleware","decl":{"start":{"line":70,"column":16},"end":{"line":70,"column":30}},"loc":{"start":{"line":70,"column":53},"end":{"line":72,"column":1}}},"6":{"name":"(anonymous_6)","decl":{"start":{"line":79,"column":16},"end":{"line":79,"column":17}},"loc":{"start":{"line":79,"column":39},"end":{"line":79,"column":71}}},"7":{"name":"(anonymous_7)","decl":{"start":{"line":86,"column":23},"end":{"line":86,"column":24}},"loc":{"start":{"line":86,"column":51},"end":{"line":89,"column":null}}}},"branchMap":{"0":{"loc":{"start":{"line":13,"column":2},"end":{"line":15,"column":3}},"type":"if","locations":[{"start":{"line":13,"column":2},"end":{"line":15,"column":3}}]},"1":{"loc":{"start":{"line":13,"column":6},"end":{"line":13,"column":54}},"type":"binary-expr","locations":[{"start":{"line":13,"column":6},"end":{"line":13,"column":17}},{"start":{"line":13,"column":21},"end":{"line":13,"column":54}}]},"2":{"loc":{"start":{"line":40,"column":4},"end":{"line":42,"column":5}},"type":"if","locations":[{"start":{"line":40,"column":4},"end":{"line":42,"column":5}}]},"3":{"loc":{"start":{"line":56,"column":4},"end":{"line":61,"column":5}},"type":"if","locations":[{"start":{"line":56,"column":4},"end":{"line":61,"column":5}}]},"4":{"loc":{"start":{"line":56,"column":8},"end":{"line":56,"column":64}},"type":"binary-expr","locations":[{"start":{"line":56,"column":8},"end":{"line":56,"column":33}},{"start":{"line":56,"column":37},"end":{"line":56,"column":64}}]}},"s":{"0":1,"1":1,"2":1,"3":1,"4":0,"5":0,"6":0,"7":0,"8":0,"9":0,"10":0,"11":0,"12":0,"13":0,"14":0,"15":3,"16":0,"17":0,"18":0,"19":0,"20":0,"21":0,"22":0,"23":0,"24":0,"25":0,"26":0,"27":1,"28":0,"29":0},"f":{"0":0,"1":3,"2":0,"3":0,"4":0,"5":0,"6":0,"7":0},"b":{"0":[0],"1":[0,0],"2":[0],"3":[0],"4":[0,0]}}
,"/Users/yakky/Downloads/project/backend/src/middleware/error-handler.ts": {"path":"/Users/yakky/Downloads/project/backend/src/middleware/error-handler.ts","statementMap":{"0":{"start":{"line":7,"column":0},"end":{"line":7,"column":null}},"1":{"start":{"line":8,"column":2},"end":{"line":8,"column":null}},"2":{"start":{"line":9,"column":2},"end":{"line":9,"column":null}},"3":{"start":{"line":10,"column":2},"end":{"line":10,"column":null}},"4":{"start":{"line":11,"column":2},"end":{"line":11,"column":null}},"5":{"start":{"line":12,"column":2},"end":{"line":12,"column":null}},"6":{"start":{"line":13,"column":2},"end":{"line":13,"column":null}},"7":{"start":{"line":14,"column":2},"end":{"line":14,"column":null}},"8":{"start":{"line":31,"column":4},"end":{"line":31,"column":null}},"9":{"start":{"line":32,"column":4},"end":{"line":32,"column":null}},"10":{"start":{"line":33,"column":4},"end":{"line":33,"column":null}},"11":{"start":{"line":34,"column":4},"end":{"line":34,"column":null}},"12":{"start":{"line":35,"column":4},"end":{"line":35,"column":null}},"13":{"start":{"line":20,"column":0},"end":{"line":20,"column":13}},"14":{"start":{"line":42,"column":28},"end":{"line":74,"column":1}},"15":{"start":{"line":43,"column":2},"end":{"line":43,"column":null}},"16":{"start":{"line":45,"column":2},"end":{"line":55,"column":3}},"17":{"start":{"line":46,"column":4},"end":{"line":54,"column":null}},"18":{"start":{"line":59,"column":4},"end":{"line":64,"column":11}},"19":{"start":{"line":66,"column":2},"end":{"line":73,"column":null}},"20":{"start":{"line":42,"column":13},"end":{"line":42,"column":28}}},"fnMap":{"0":{"name":"(anonymous_0)","decl":{"start":{"line":7,"column":0},"end":{"line":7,"column":12}},"loc":{"start":{"line":7,"column":21},"end":{"line":15,"column":1}}},"1":{"name":"(anonymous_1)","decl":{"start":{"line":25,"column":2},"end":{"line":25,"column":null}},"loc":{"start":{"line":29,"column":18},"end":{"line":36,"column":3}}},"2":{"name":"(anonymous_2)","decl":{"start":{"line":42,"column":28},"end":{"line":42,"column":29}},"loc":{"start":{"line":42,"column":55},"end":{"line":74,"column":1}}}},"branchMap":{"0":{"loc":{"start":{"line":7,"column":12},"end":{"line":7,"column":null}},"type":"binary-expr","locations":[{"start":{"line":7,"column":12},"end":{"line":7,"column":21}},{"start":{"line":7,"column":21},"end":{"line":7,"column":null}}]},"1":{"loc":{"start":{"line":27,"column":4},"end":{"line":27,"column":24}},"type":"default-arg","locations":[{"start":{"line":27,"column":21},"end":{"line":27,"column":24}}]},"2":{"loc":{"start":{"line":28,"column":4},"end":{"line":28,"column":53}},"type":"default-arg","locations":[{"start":{"line":28,"column":22},"end":{"line":28,"column":53}}]},"3":{"loc":{"start":{"line":45,"column":2},"end":{"line":55,"column":3}},"type":"if","locations":[{"start":{"line":45,"column":2},"end":{"line":55,"column":3}}]},"4":{"loc":{"start":{"line":59,"column":4},"end":{"line":64,"column":11}},"type":"cond-expr","locations":[{"start":{"line":63,"column":8},"end":{"line":63,"column":18}},{"start":{"line":64,"column":8},"end":{"line":64,"column":11}}]},"5":{"loc":{"start":{"line":59,"column":4},"end":{"line":62,"column":34}},"type":"binary-expr","locations":[{"start":{"line":59,"column":4},"end":{"line":59,"column":7}},{"start":{"line":60,"column":4},"end":{"line":60,"column":27}},{"start":{"line":61,"column":4},"end":{"line":61,"column":19}},{"start":{"line":62,"column":4},"end":{"line":62,"column":34}}]},"6":{"loc":{"start":{"line":69,"column":15},"end":{"line":69,"column":53}},"type":"binary-expr","locations":[{"start":{"line":69,"column":15},"end":{"line":69,"column":26}},{"start":{"line":69,"column":30},"end":{"line":69,"column":53}}]}},"s":{"0":1,"1":1,"2":1,"3":1,"4":1,"5":1,"6":1,"7":1,"8":0,"9":0,"10":0,"11":0,"12":0,"13":1,"14":1,"15":0,"16":0,"17":0,"18":0,"19":0,"20":1},"f":{"0":1,"1":0,"2":0},"b":{"0":[1,1],"1":[0],"2":[0],"3":[0],"4":[0,0],"5":[0,0,0,0],"6":[0,0]}}
,"/Users/yakky/Downloads/project/backend/src/middleware/index.ts": {"path":"/Users/yakky/Downloads/project/backend/src/middleware/index.ts","statementMap":{"0":{"start":{"line":1,"column":0},"end":{"line":1,"column":9}},"1":{"start":{"line":7,"column":2},"end":{"line":1,"column":25}},"2":{"start":{"line":8,"column":2},"end":{"line":1,"column":45}},"3":{"start":{"line":2,"column":0},"end":{"line":2,"column":9}},"4":{"start":{"line":9,"column":2},"end":{"line":2,"column":46}},"5":{"start":{"line":3,"column":0},"end":{"line":3,"column":9}},"6":{"start":{"line":10,"column":2},"end":{"line":3,"column":23}},"7":{"start":{"line":11,"column":2},"end":{"line":3,"column":38}},"8":{"start":{"line":12,"column":2},"end":{"line":3,"column":74}},"9":{"start":{"line":4,"column":0},"end":{"line":4,"column":9}},"10":{"start":{"line":13,"column":2},"end":{"line":4,"column":20}},"11":{"start":{"line":14,"column":2},"end":{"line":4,"column":55}}},"fnMap":{"0":{"name":"(anonymous_0)","decl":{"start":{"line":7,"column":2},"end":{"line":7,"column":16}},"loc":{"start":{"line":7,"column":2},"end":{"line":1,"column":25}}},"1":{"name":"(anonymous_1)","decl":{"start":{"line":8,"column":2},"end":{"line":8,"column":6}},"loc":{"start":{"line":8,"column":2},"end":{"line":1,"column":45}}},"2":{"name":"(anonymous_2)","decl":{"start":{"line":9,"column":2},"end":{"line":9,"column":14}},"loc":{"start":{"line":9,"column":2},"end":{"line":2,"column":46}}},"3":{"name":"(anonymous_3)","decl":{"start":{"line":10,"column":2},"end":{"line":10,"column":14}},"loc":{"start":{"line":10,"column":2},"end":{"line":3,"column":23}}},"4":{"name":"(anonymous_4)","decl":{"start":{"line":11,"column":2},"end":{"line":11,"column":15}},"loc":{"start":{"line":11,"column":2},"end":{"line":3,"column":38}}},"5":{"name":"(anonymous_5)","decl":{"start":{"line":12,"column":2},"end":{"line":12,"column":16}},"loc":{"start":{"line":12,"column":2},"end":{"line":3,"column":74}}},"6":{"name":"(anonymous_6)","decl":{"start":{"line":13,"column":2},"end":{"line":13,"column":11}},"loc":{"start":{"line":13,"column":2},"end":{"line":4,"column":20}}},"7":{"name":"(anonymous_7)","decl":{"start":{"line":14,"column":2},"end":{"line":14,"column":15}},"loc":{"start":{"line":14,"column":2},"end":{"line":4,"column":55}}}},"branchMap":{},"s":{"0":1,"1":3,"2":1,"3":1,"4":1,"5":1,"6":1,"7":1,"8":1,"9":1,"10":2,"11":3},"f":{"0":2,"1":0,"2":0,"3":0,"4":0,"5":0,"6":1,"7":2},"b":{}}
,"/Users/yakky/Downloads/project/backend/src/middleware/rate-limit.ts": {"path":"/Users/yakky/Downloads/project/backend/src/middleware/rate-limit.ts","statementMap":{"0":{"start":{"line":48,"column":0},"end":{"line":48,"column":16}},"1":{"start":{"line":2,"column":0},"end":{"line":2,"column":42}},"2":{"start":{"line":3,"column":0},"end":{"line":3,"column":34}},"3":{"start":{"line":16,"column":30},"end":{"line":16,"column":32}},"4":{"start":{"line":22,"column":14},"end":{"line":22,"column":24}},"5":{"start":{"line":23,"column":2},"end":{"line":27,"column":3}},"6":{"start":{"line":24,"column":4},"end":{"line":26,"column":5}},"7":{"start":{"line":25,"column":6},"end":{"line":25,"column":null}},"8":{"start":{"line":31,"column":0},"end":{"line":31,"column":null}},"9":{"start":{"line":37,"column":2},"end":{"line":39,"column":null}},"10":{"start":{"line":54,"column":2},"end":{"line":58,"column":3}},"11":{"start":{"line":55,"column":4},"end":{"line":57,"column":null}},"12":{"start":{"line":56,"column":6},"end":{"line":56,"column":null}},"13":{"start":{"line":60,"column":2},"end":{"line":92,"column":null}},"14":{"start":{"line":62,"column":16},"end":{"line":62,"column":63}},"15":{"start":{"line":64,"column":16},"end":{"line":64,"column":26}},"16":{"start":{"line":67,"column":4},"end":{"line":72,"column":5}},"17":{"start":{"line":68,"column":6},"end":{"line":71,"column":null}},"18":{"start":{"line":75,"column":4},"end":{"line":75,"column":null}},"19":{"start":{"line":78,"column":22},"end":{"line":78,"column":65}},"20":{"start":{"line":79,"column":18},"end":{"line":79,"column":64}},"21":{"start":{"line":81,"column":4},"end":{"line":81,"column":null}},"22":{"start":{"line":82,"column":4},"end":{"line":82,"column":null}},"23":{"start":{"line":83,"column":4},"end":{"line":83,"column":null}},"24":{"start":{"line":86,"column":4},"end":{"line":88,"column":5}},"25":{"start":{"line":87,"column":6},"end":{"line":87,"column":null}},"26":{"start":{"line":91,"column":4},"end":{"line":91,"column":null}},"27":{"start":{"line":98,"column":13},"end":{"line":101,"column":null}},"28":{"start":{"line":106,"column":13},"end":{"line":109,"column":null}},"29":{"start":{"line":114,"column":13},"end":{"line":114,"column":null}}},"fnMap":{"0":{"name":"cleanupStore","decl":{"start":{"line":21,"column":9},"end":{"line":21,"column":21}},"loc":{"start":{"line":21,"column":21},"end":{"line":28,"column":1}}},"1":{"name":"getClientIp","decl":{"start":{"line":36,"column":9},"end":{"line":36,"column":20}},"loc":{"start":{"line":36,"column":31},"end":{"line":40,"column":1}}},"2":{"name":"rateLimit","decl":{"start":{"line":48,"column":16},"end":{"line":48,"column":25}},"loc":{"start":{"line":51,"column":39},"end":{"line":93,"column":1}}},"3":{"name":"(anonymous_3)","decl":{"start":{"line":55,"column":11},"end":{"line":55,"column":16}},"loc":{"start":{"line":55,"column":44},"end":{"line":57,"column":5}}},"4":{"name":"(anonymous_4)","decl":{"start":{"line":60,"column":9},"end":{"line":60,"column":14}},"loc":{"start":{"line":60,"column":42},"end":{"line":92,"column":3}}}},"branchMap":{"0":{"loc":{"start":{"line":24,"column":4},"end":{"line":26,"column":5}},"type":"if","locations":[{"start":{"line":24,"column":4},"end":{"line":26,"column":5}}]},"1":{"loc":{"start":{"line":38,"column":4},"end":{"line":38,"column":77}},"type":"binary-expr","locations":[{"start":{"line":38,"column":4},"end":{"line":38,"column":35}},{"start":{"line":38,"column":39},"end":{"line":38,"column":64}},{"start":{"line":38,"column":68},"end":{"line":38,"column":77}}]},"2":{"loc":{"start":{"line":54,"column":2},"end":{"line":58,"column":3}},"type":"if","locations":[{"start":{"line":54,"column":2},"end":{"line":58,"column":3}}]},"3":{"loc":{"start":{"line":62,"column":16},"end":{"line":62,"column":63}},"type":"cond-expr","locations":[{"start":{"line":62,"column":31},"end":{"line":62,"column":46}},{"start":{"line":62,"column":49},"end":{"line":62,"column":63}}]},"4":{"loc":{"start":{"line":67,"column":4},"end":{"line":72,"column":5}},"type":"if","locations":[{"start":{"line":67,"column":4},"end":{"line":72,"column":5}}]},"5":{"loc":{"start":{"line":67,"column":8},"end":{"line":67,"column":49}},"type":"binary-expr","locations":[{"start":{"line":67,"column":8},"end":{"line":67,"column":19}},{"start":{"line":67,"column":23},"end":{"line":67,"column":49}}]},"6":{"loc":{"start":{"line":86,"column":4},"end":{"line":88,"column":5}},"type":"if","locations":[{"start":{"line":86,"column":4},"end":{"line":88,"column":5}}]}},"s":{"0":1,"1":1,"2":1,"3":1,"4":0,"5":0,"6":0,"7":0,"8":1,"9":0,"10":3,"11":3,"12":18,"13":0,"14":0,"15":0,"16":0,"17":0,"18":0,"19":0,"20":0,"21":0,"22":0,"23":0,"24":0,"25":0,"26":0,"27":1,"28":1,"29":1},"f":{"0":0,"1":0,"2":3,"3":18,"4":0},"b":{"0":[0],"1":[0,0,0],"2":[3],"3":[0,0],"4":[0],"5":[0,0],"6":[0]}}
,"/Users/yakky/Downloads/project/backend/src/middleware/validation.ts": {"path":"/Users/yakky/Downloads/project/backend/src/middleware/validation.ts","statementMap":{"0":{"start":{"line":2,"column":0},"end":{"line":2,"column":24}},"1":{"start":{"line":3,"column":0},"end":{"line":3,"column":54}},"2":{"start":{"line":8,"column":28},"end":{"line":35,"column":1}},"3":{"start":{"line":9,"column":2},"end":{"line":34,"column":4}},"4":{"start":{"line":10,"column":4},"end":{"line":33,"column":5}},"5":{"start":{"line":11,"column":19},"end":{"line":11,"column":37}},"6":{"start":{"line":12,"column":28},"end":{"line":12,"column":46}},"7":{"start":{"line":15,"column":6},"end":{"line":15,"column":44}},"8":{"start":{"line":17,"column":6},"end":{"line":17,"column":19}},"9":{"start":{"line":19,"column":6},"end":{"line":26,"column":7}},"10":{"start":{"line":20,"column":8},"end":{"line":25,"column":null}},"11":{"start":{"line":28,"column":6},"end":{"line":32,"column":8}},"12":{"start":{"line":8,"column":13},"end":{"line":8,"column":28}},"13":{"start":{"line":40,"column":29},"end":{"line":67,"column":1}},"14":{"start":{"line":41,"column":2},"end":{"line":66,"column":4}},"15":{"start":{"line":42,"column":4},"end":{"line":65,"column":5}},"16":{"start":{"line":43,"column":20},"end":{"line":43,"column":33}},"17":{"start":{"line":44,"column":28},"end":{"line":44,"column":47}},"18":{"start":{"line":47,"column":6},"end":{"line":47,"column":45}},"19":{"start":{"line":49,"column":6},"end":{"line":49,"column":19}},"20":{"start":{"line":51,"column":6},"end":{"line":58,"column":7}},"21":{"start":{"line":52,"column":8},"end":{"line":57,"column":null}},"22":{"start":{"line":60,"column":6},"end":{"line":64,"column":8}},"23":{"start":{"line":40,"column":13},"end":{"line":40,"column":29}},"24":{"start":{"line":72,"column":30},"end":{"line":99,"column":1}},"25":{"start":{"line":73,"column":2},"end":{"line":98,"column":4}},"26":{"start":{"line":74,"column":4},"end":{"line":97,"column":5}},"27":{"start":{"line":75,"column":21},"end":{"line":75,"column":34}},"28":{"start":{"line":76,"column":28},"end":{"line":76,"column":48}},"29":{"start":{"line":79,"column":6},"end":{"line":79,"column":46}},"30":{"start":{"line":81,"column":6},"end":{"line":81,"column":19}},"31":{"start":{"line":83,"column":6},"end":{"line":90,"column":7}},"32":{"start":{"line":84,"column":8},"end":{"line":89,"column":null}},"33":{"start":{"line":92,"column":6},"end":{"line":96,"column":8}},"34":{"start":{"line":72,"column":13},"end":{"line":72,"column":30}}},"fnMap":{"0":{"name":"(anonymous_0)","decl":{"start":{"line":8,"column":28},"end":{"line":8,"column":50}},"loc":{"start":{"line":8,"column":63},"end":{"line":35,"column":1}}},"1":{"name":"(anonymous_1)","decl":{"start":{"line":9,"column":9},"end":{"line":9,"column":14}},"loc":{"start":{"line":9,"column":42},"end":{"line":34,"column":3}}},"2":{"name":"(anonymous_2)","decl":{"start":{"line":40,"column":29},"end":{"line":40,"column":51}},"loc":{"start":{"line":40,"column":64},"end":{"line":67,"column":1}}},"3":{"name":"(anonymous_3)","decl":{"start":{"line":41,"column":9},"end":{"line":41,"column":14}},"loc":{"start":{"line":41,"column":42},"end":{"line":66,"column":3}}},"4":{"name":"(anonymous_4)","decl":{"start":{"line":72,"column":30},"end":{"line":72,"column":52}},"loc":{"start":{"line":72,"column":65},"end":{"line":99,"column":1}}},"5":{"name":"(anonymous_5)","decl":{"start":{"line":73,"column":9},"end":{"line":73,"column":14}},"loc":{"start":{"line":73,"column":42},"end":{"line":98,"column":3}}}},"branchMap":{"0":{"loc":{"start":{"line":19,"column":6},"end":{"line":26,"column":7}},"type":"if","locations":[{"start":{"line":19,"column":6},"end":{"line":26,"column":7}}]},"1":{"loc":{"start":{"line":51,"column":6},"end":{"line":58,"column":7}},"type":"if","locations":[{"start":{"line":51,"column":6},"end":{"line":58,"column":7}}]},"2":{"loc":{"start":{"line":83,"column":6},"end":{"line":90,"column":7}},"type":"if","locations":[{"start":{"line":83,"column":6},"end":{"line":90,"column":7}}]}},"s":{"0":1,"1":1,"2":1,"3":0,"4":0,"5":0,"6":0,"7":0,"8":0,"9":0,"10":0,"11":0,"12":1,"13":1,"14":0,"15":0,"16":0,"17":0,"18":0,"19":0,"20":0,"21":0,"22":0,"23":1,"24":1,"25":0,"26":0,"27":0,"28":0,"29":0,"30":0,"31":0,"32":0,"33":0,"34":1},"f":{"0":0,"1":0,"2":0,"3":0,"4":0,"5":0},"b":{"0":[0],"1":[0],"2":[0]}}
,"/Users/yakky/Downloads/project/backend/src/routes/admin.routes.ts": {"path":"/Users/yakky/Downloads/project/backend/src/routes/admin.routes.ts","statementMap":{"0":{"start":{"line":1,"column":0},"end":{"line":1,"column":27}},"1":{"start":{"line":2,"column":0},"end":{"line":2,"column":48}},"2":{"start":{"line":3,"column":0},"end":{"line":3,"column":56}},"3":{"start":{"line":4,"column":0},"end":{"line":4,"column":51}},"4":{"start":{"line":5,"column":0},"end":{"line":5,"column":46}},"5":{"start":{"line":6,"column":0},"end":{"line":6,"column":55}},"6":{"start":{"line":7,"column":0},"end":{"line":7,"column":63}},"7":{"start":{"line":13,"column":13},"end":{"line":38,"column":null}},"8":{"start":{"line":25,"column":21},"end":{"line":25,"column":35}},"9":{"start":{"line":27,"column":4},"end":{"line":35,"column":5}},"10":{"start":{"line":28,"column":6},"end":{"line":34,"column":null}},"11":{"start":{"line":37,"column":4},"end":{"line":37,"column":null}},"12":{"start":{"line":80,"column":0},"end":{"line":87,"column":null}},"13":{"start":{"line":81,"column":16},"end":{"line":81,"column":51}},"14":{"start":{"line":83,"column":2},"end":{"line":86,"column":null}},"15":{"start":{"line":135,"column":0},"end":{"line":151,"column":null}},"16":{"start":{"line":136,"column":53},"end":{"line":136,"column":66}},"17":{"start":{"line":138,"column":16},"end":{"line":145,"column":4}},"18":{"start":{"line":147,"column":2},"end":{"line":150,"column":null}},"19":{"start":{"line":198,"column":0},"end":{"line":222,"column":null}},"20":{"start":{"line":202,"column":19},"end":{"line":202,"column":39}},"21":{"start":{"line":203,"column":21},"end":{"line":203,"column":39}},"22":{"start":{"line":205,"column":4},"end":{"line":213,"column":5}},"23":{"start":{"line":206,"column":6},"end":{"line":212,"column":null}},"24":{"start":{"line":215,"column":24},"end":{"line":215,"column":79}},"25":{"start":{"line":217,"column":4},"end":{"line":220,"column":null}},"26":{"start":{"line":260,"column":0},"end":{"line":273,"column":null}},"27":{"start":{"line":264,"column":19},"end":{"line":264,"column":39}},"28":{"start":{"line":266,"column":4},"end":{"line":266,"column":null}},"29":{"start":{"line":268,"column":4},"end":{"line":271,"column":null}},"30":{"start":{"line":306,"column":0},"end":{"line":320,"column":null}},"31":{"start":{"line":310,"column":19},"end":{"line":310,"column":39}},"32":{"start":{"line":312,"column":17},"end":{"line":312,"column":55}},"33":{"start":{"line":314,"column":4},"end":{"line":318,"column":null}},"34":{"start":{"line":379,"column":0},"end":{"line":404,"column":null}},"35":{"start":{"line":387,"column":6},"end":{"line":387,"column":19}},"36":{"start":{"line":389,"column":17},"end":{"line":398,"column":4}},"37":{"start":{"line":400,"column":2},"end":{"line":403,"column":null}},"38":{"start":{"line":442,"column":0},"end":{"line":455,"column":null}},"39":{"start":{"line":446,"column":19},"end":{"line":446,"column":39}},"40":{"start":{"line":448,"column":4},"end":{"line":448,"column":null}},"41":{"start":{"line":450,"column":4},"end":{"line":453,"column":null}},"42":{"start":{"line":457,"column":0},"end":{"line":457,"column":null}}},"fnMap":{"0":{"name":"(anonymous_0)","decl":{"start":{"line":24,"column":12},"end":{"line":24,"column":17}},"loc":{"start":{"line":24,"column":30},"end":{"line":38,"column":3}}},"1":{"name":"(anonymous_1)","decl":{"start":{"line":80,"column":26},"end":{"line":80,"column":31}},"loc":{"start":{"line":80,"column":38},"end":{"line":87,"column":1}}},"2":{"name":"(anonymous_2)","decl":{"start":{"line":135,"column":26},"end":{"line":135,"column":31}},"loc":{"start":{"line":135,"column":38},"end":{"line":151,"column":1}}},"3":{"name":"(anonymous_3)","decl":{"start":{"line":201,"column":2},"end":{"line":201,"column":7}},"loc":{"start":{"line":201,"column":14},"end":{"line":221,"column":3}}},"4":{"name":"(anonymous_4)","decl":{"start":{"line":263,"column":2},"end":{"line":263,"column":7}},"loc":{"start":{"line":263,"column":14},"end":{"line":272,"column":3}}},"5":{"name":"(anonymous_5)","decl":{"start":{"line":309,"column":2},"end":{"line":309,"column":7}},"loc":{"start":{"line":309,"column":14},"end":{"line":319,"column":3}}},"6":{"name":"(anonymous_6)","decl":{"start":{"line":379,"column":29},"end":{"line":379,"column":34}},"loc":{"start":{"line":379,"column":41},"end":{"line":404,"column":1}}},"7":{"name":"(anonymous_7)","decl":{"start":{"line":445,"column":2},"end":{"line":445,"column":7}},"loc":{"start":{"line":445,"column":14},"end":{"line":454,"column":3}}}},"branchMap":{"0":{"loc":{"start":{"line":27,"column":4},"end":{"line":35,"column":5}},"type":"if","locations":[{"start":{"line":27,"column":4},"end":{"line":35,"column":5}}]},"1":{"loc":{"start":{"line":136,"column":10},"end":{"line":136,"column":20}},"type":"default-arg","locations":[{"start":{"line":136,"column":17},"end":{"line":136,"column":20}}]},"2":{"loc":{"start":{"line":136,"column":22},"end":{"line":136,"column":34}},"type":"default-arg","locations":[{"start":{"line":136,"column":30},"end":{"line":136,"column":34}}]},"3":{"loc":{"start":{"line":205,"column":4},"end":{"line":213,"column":5}},"type":"if","locations":[{"start":{"line":205,"column":4},"end":{"line":213,"column":5}}]},"4":{"loc":{"start":{"line":205,"column":8},"end":{"line":205,"column":68}},"type":"binary-expr","locations":[{"start":{"line":205,"column":8},"end":{"line":205,"column":13}},{"start":{"line":205,"column":17},"end":{"line":205,"column":68}}]},"5":{"loc":{"start":{"line":381,"column":4},"end":{"line":381,"column":14}},"type":"default-arg","locations":[{"start":{"line":381,"column":11},"end":{"line":381,"column":14}}]},"6":{"loc":{"start":{"line":382,"column":4},"end":{"line":382,"column":16}},"type":"default-arg","locations":[{"start":{"line":382,"column":12},"end":{"line":382,"column":16}}]}},"s":{"0":0,"1":0,"2":0,"3":0,"4":0,"5":0,"6":0,"7":0,"8":0,"9":0,"10":0,"11":0,"12":0,"13":0,"14":0,"15":0,"16":0,"17":0,"18":0,"19":0,"20":0,"21":0,"22":0,"23":0,"24":0,"25":0,"26":0,"27":0,"28":0,"29":0,"30":0,"31":0,"32":0,"33":0,"34":0,"35":0,"36":0,"37":0,"38":0,"39":0,"40":0,"41":0,"42":0},"f":{"0":0,"1":0,"2":0,"3":0,"4":0,"5":0,"6":0,"7":0},"b":{"0":[0],"1":[0],"2":[0],"3":[0],"4":[0,0],"5":[0],"6":[0]}}
,"/Users/yakky/Downloads/project/backend/src/routes/auth.routes.ts": {"path":"/Users/yakky/Downloads/project/backend/src/routes/auth.routes.ts","statementMap":{"0":{"start":{"line":1,"column":0},"end":{"line":1,"column":27}},"1":{"start":{"line":2,"column":0},"end":{"line":2,"column":48}},"2":{"start":{"line":3,"column":0},"end":{"line":3,"column":23}},"3":{"start":{"line":4,"column":0},"end":{"line":4,"column":37}},"4":{"start":{"line":5,"column":0},"end":{"line":5,"column":79}},"5":{"start":{"line":6,"column":0},"end":{"line":6,"column":65}},"6":{"start":{"line":7,"column":0},"end":{"line":7,"column":null}},"7":{"start":{"line":12,"column":0},"end":{"line":12,"column":46}},"8":{"start":{"line":13,"column":0},"end":{"line":13,"column":56}},"9":{"start":{"line":16,"column":20},"end":{"line":21,"column":2}},"10":{"start":{"line":24,"column":23},"end":{"line":33,"column":2}},"11":{"start":{"line":36,"column":26},"end":{"line":38,"column":2}},"12":{"start":{"line":41,"column":35},"end":{"line":43,"column":2}},"13":{"start":{"line":46,"column":28},"end":{"line":51,"column":2}},"14":{"start":{"line":54,"column":13},"end":{"line":54,"column":23}},"15":{"start":{"line":57,"column":0},"end":{"line":57,"column":null}},"16":{"start":{"line":60,"column":0},"end":{"line":133,"column":null}},"17":{"start":{"line":61,"column":2},"end":{"line":132,"column":3}},"18":{"start":{"line":62,"column":32},"end":{"line":62,"column":57}},"19":{"start":{"line":65,"column":17},"end":{"line":65,"column":67}},"20":{"start":{"line":67,"column":4},"end":{"line":73,"column":5}},"21":{"start":{"line":68,"column":6},"end":{"line":72,"column":null}},"22":{"start":{"line":76,"column":28},"end":{"line":76,"column":74}},"23":{"start":{"line":78,"column":4},"end":{"line":84,"column":5}},"24":{"start":{"line":79,"column":6},"end":{"line":83,"column":null}},"25":{"start":{"line":87,"column":4},"end":{"line":93,"column":5}},"26":{"start":{"line":88,"column":6},"end":{"line":92,"column":null}},"27":{"start":{"line":96,"column":25},"end":{"line":100,"column":null}},"28":{"start":{"line":102,"column":24},"end":{"line":102,"column":57}},"29":{"start":{"line":103,"column":25},"end":{"line":103,"column":65}},"30":{"start":{"line":105,"column":4},"end":{"line":121,"column":null}},"31":{"start":{"line":123,"column":4},"end":{"line":123,"column":null}},"32":{"start":{"line":124,"column":4},"end":{"line":126,"column":5}},"33":{"start":{"line":125,"column":6},"end":{"line":125,"column":null}},"34":{"start":{"line":127,"column":4},"end":{"line":131,"column":null}},"35":{"start":{"line":136,"column":0},"end":{"line":216,"column":null}},"36":{"start":{"line":137,"column":2},"end":{"line":215,"column":3}},"37":{"start":{"line":138,"column":21},"end":{"line":138,"column":46}},"38":{"start":{"line":141,"column":25},"end":{"line":143,"column":6}},"39":{"start":{"line":145,"column":4},"end":{"line":151,"column":5}},"40":{"start":{"line":146,"column":6},"end":{"line":150,"column":null}},"41":{"start":{"line":154,"column":27},"end":{"line":154,"column":64}},"42":{"start":{"line":158,"column":6},"end":{"line":159,"column":49}},"43":{"start":{"line":161,"column":22},"end":{"line":161,"column":32}},"44":{"start":{"line":162,"column":4},"end":{"line":162,"column":50}},"45":{"start":{"line":165,"column":17},"end":{"line":175,"column":6}},"46":{"start":{"line":178,"column":4},"end":{"line":184,"column":null}},"47":{"start":{"line":187,"column":4},"end":{"line":191,"column":null}},"48":{"start":{"line":193,"column":4},"end":{"line":208,"column":null}},"49":{"start":{"line":210,"column":4},"end":{"line":210,"column":null}},"50":{"start":{"line":211,"column":4},"end":{"line":213,"column":5}},"51":{"start":{"line":212,"column":6},"end":{"line":212,"column":null}},"52":{"start":{"line":214,"column":4},"end":{"line":214,"column":null}},"53":{"start":{"line":219,"column":0},"end":{"line":266,"column":null}},"54":{"start":{"line":220,"column":2},"end":{"line":265,"column":3}},"55":{"start":{"line":221,"column":22},"end":{"line":221,"column":42}},"56":{"start":{"line":224,"column":31},"end":{"line":226,"column":6}},"57":{"start":{"line":228,"column":4},"end":{"line":230,"column":5}},"58":{"start":{"line":229,"column":6},"end":{"line":229,"column":null}},"59":{"start":{"line":233,"column":4},"end":{"line":239,"column":5}},"60":{"start":{"line":235,"column":6},"end":{"line":237,"column":null}},"61":{"start":{"line":238,"column":6},"end":{"line":238,"column":null}},"62":{"start":{"line":242,"column":4},"end":{"line":245,"column":null}},"63":{"start":{"line":248,"column":4},"end":{"line":250,"column":null}},"64":{"start":{"line":252,"column":4},"end":{"line":258,"column":null}},"65":{"start":{"line":260,"column":4},"end":{"line":260,"column":null}},"66":{"start":{"line":261,"column":4},"end":{"line":263,"column":5}},"67":{"start":{"line":262,"column":6},"end":{"line":262,"column":null}},"68":{"start":{"line":264,"column":4},"end":{"line":264,"column":null}},"69":{"start":{"line":269,"column":0},"end":{"line":309,"column":null}},"70":{"start":{"line":270,"column":2},"end":{"line":308,"column":3}},"71":{"start":{"line":271,"column":25},"end":{"line":271,"column":78}},"72":{"start":{"line":273,"column":4},"end":{"line":279,"column":5}},"73":{"start":{"line":274,"column":6},"end":{"line":278,"column":null}},"74":{"start":{"line":282,"column":20},"end":{"line":282,"column":58}},"75":{"start":{"line":285,"column":24},"end":{"line":289,"column":6}},"76":{"start":{"line":291,"column":4},"end":{"line":300,"column":null}},"77":{"start":{"line":302,"column":4},"end":{"line":302,"column":null}},"78":{"start":{"line":303,"column":4},"end":{"line":307,"column":null}},"79":{"start":{"line":312,"column":0},"end":{"line":371,"column":null}},"80":{"start":{"line":316,"column":4},"end":{"line":369,"column":5}},"81":{"start":{"line":317,"column":24},"end":{"line":317,"column":49}},"82":{"start":{"line":320,"column":19},"end":{"line":320,"column":69}},"83":{"start":{"line":322,"column":6},"end":{"line":332,"column":7}},"84":{"start":{"line":324,"column":8},"end":{"line":331,"column":null}},"85":{"start":{"line":336,"column":8},"end":{"line":337,"column":51}},"86":{"start":{"line":339,"column":24},"end":{"line":339,"column":34}},"87":{"start":{"line":340,"column":6},"end":{"line":340,"column":51}},"88":{"start":{"line":343,"column":6},"end":{"line":349,"column":null}},"89":{"start":{"line":352,"column":6},"end":{"line":352,"column":null}},"90":{"start":{"line":354,"column":6},"end":{"line":361,"column":null}},"91":{"start":{"line":363,"column":6},"end":{"line":363,"column":null}},"92":{"start":{"line":364,"column":6},"end":{"line":368,"column":null}},"93":{"start":{"line":374,"column":0},"end":{"line":433,"column":null}},"94":{"start":{"line":378,"column":4},"end":{"line":431,"column":5}},"95":{"start":{"line":379,"column":34},"end":{"line":379,"column":59}},"96":{"start":{"line":382,"column":33},"end":{"line":384,"column":8}},"97":{"start":{"line":386,"column":6},"end":{"line":392,"column":7}},"98":{"start":{"line":387,"column":8},"end":{"line":391,"column":null}},"99":{"start":{"line":395,"column":6},"end":{"line":401,"column":7}},"100":{"start":{"line":397,"column":8},"end":{"line":399,"column":null}},"101":{"start":{"line":400,"column":8},"end":{"line":400,"column":null}},"102":{"start":{"line":404,"column":29},"end":{"line":404,"column":57}},"103":{"start":{"line":407,"column":6},"end":{"line":410,"column":null}},"104":{"start":{"line":413,"column":6},"end":{"line":415,"column":null}},"105":{"start":{"line":417,"column":6},"end":{"line":424,"column":null}},"106":{"start":{"line":426,"column":6},"end":{"line":426,"column":null}},"107":{"start":{"line":427,"column":6},"end":{"line":429,"column":7}},"108":{"start":{"line":428,"column":8},"end":{"line":428,"column":null}},"109":{"start":{"line":430,"column":6},"end":{"line":430,"column":null}},"110":{"start":{"line":436,"column":0},"end":{"line":446,"column":null}},"111":{"start":{"line":439,"column":2},"end":{"line":445,"column":null}},"112":{"start":{"line":448,"column":0},"end":{"line":448,"column":null}}},"fnMap":{"0":{"name":"(anonymous_0)","decl":{"start":{"line":60,"column":53},"end":{"line":60,"column":58}},"loc":{"start":{"line":60,"column":65},"end":{"line":133,"column":1}}},"1":{"name":"(anonymous_1)","decl":{"start":{"line":136,"column":59},"end":{"line":136,"column":64}},"loc":{"start":{"line":136,"column":71},"end":{"line":216,"column":1}}},"2":{"name":"(anonymous_2)","decl":{"start":{"line":219,"column":66},"end":{"line":219,"column":71}},"loc":{"start":{"line":219,"column":78},"end":{"line":266,"column":1}}},"3":{"name":"(anonymous_3)","decl":{"start":{"line":269,"column":28},"end":{"line":269,"column":33}},"loc":{"start":{"line":269,"column":40},"end":{"line":309,"column":1}}},"4":{"name":"(anonymous_4)","decl":{"start":{"line":315,"column":2},"end":{"line":315,"column":7}},"loc":{"start":{"line":315,"column":14},"end":{"line":370,"column":3}}},"5":{"name":"(anonymous_5)","decl":{"start":{"line":377,"column":2},"end":{"line":377,"column":7}},"loc":{"start":{"line":377,"column":14},"end":{"line":432,"column":3}}},"6":{"name":"(anonymous_6)","decl":{"start":{"line":436,"column":21},"end":{"line":436,"column":26}},"loc":{"start":{"line":436,"column":33},"end":{"line":446,"column":1}}}},"branchMap":{"0":{"loc":{"start":{"line":67,"column":4},"end":{"line":73,"column":5}},"type":"if","locations":[{"start":{"line":67,"column":4},"end":{"line":73,"column":5}}]},"1":{"loc":{"start":{"line":78,"column":4},"end":{"line":84,"column":5}},"type":"if","locations":[{"start":{"line":78,"column":4},"end":{"line":84,"column":5}}]},"2":{"loc":{"start":{"line":87,"column":4},"end":{"line":93,"column":5}},"type":"if","locations":[{"start":{"line":87,"column":4},"end":{"line":93,"column":5}}]},"3":{"loc":{"start":{"line":124,"column":4},"end":{"line":126,"column":5}},"type":"if","locations":[{"start":{"line":124,"column":4},"end":{"line":126,"column":5}}]},"4":{"loc":{"start":{"line":145,"column":4},"end":{"line":151,"column":5}},"type":"if","locations":[{"start":{"line":145,"column":4},"end":{"line":151,"column":5}}]},"5":{"loc":{"start":{"line":211,"column":4},"end":{"line":213,"column":5}},"type":"if","locations":[{"start":{"line":211,"column":4},"end":{"line":213,"column":5}}]},"6":{"loc":{"start":{"line":228,"column":4},"end":{"line":230,"column":5}},"type":"if","locations":[{"start":{"line":228,"column":4},"end":{"line":230,"column":5}}]},"7":{"loc":{"start":{"line":233,"column":4},"end":{"line":239,"column":5}},"type":"if","locations":[{"start":{"line":233,"column":4},"end":{"line":239,"column":5}}]},"8":{"loc":{"start":{"line":261,"column":4},"end":{"line":263,"column":5}},"type":"if","locations":[{"start":{"line":261,"column":4},"end":{"line":263,"column":5}}]},"9":{"loc":{"start":{"line":273,"column":4},"end":{"line":279,"column":5}},"type":"if","locations":[{"start":{"line":273,"column":4},"end":{"line":279,"column":5}}]},"10":{"loc":{"start":{"line":322,"column":6},"end":{"line":332,"column":7}},"type":"if","locations":[{"start":{"line":322,"column":6},"end":{"line":332,"column":7}}]},"11":{"loc":{"start":{"line":386,"column":6},"end":{"line":392,"column":7}},"type":"if","locations":[{"start":{"line":386,"column":6},"end":{"line":392,"column":7}}]},"12":{"loc":{"start":{"line":395,"column":6},"end":{"line":401,"column":7}},"type":"if","locations":[{"start":{"line":395,"column":6},"end":{"line":401,"column":7}}]},"13":{"loc":{"start":{"line":427,"column":6},"end":{"line":429,"column":7}},"type":"if","locations":[{"start":{"line":427,"column":6},"end":{"line":429,"column":7}}]}},"s":{"0":0,"1":0,"2":0,"3":0,"4":0,"5":0,"6":0,"7":0,"8":0,"9":0,"10":0,"11":0,"12":0,"13":0,"14":0,"15":0,"16":0,"17":0,"18":0,"19":0,"20":0,"21":0,"22":0,"23":0,"24":0,"25":0,"26":0,"27":0,"28":0,"29":0,"30":0,"31":0,"32":0,"33":0,"34":0,"35":0,"36":0,"37":0,"38":0,"39":0,"40":0,"41":0,"42":0,"43":0,"44":0,"45":0,"46":0,"47":0,"48":0,"49":0,"50":0,"51":0,"52":0,"53":0,"54":0,"55":0,"56":0,"57":0,"58":0,"59":0,"60":0,"61":0,"62":0,"63":0,"64":0,"65":0,"66":0,"67":0,"68":0,"69":0,"70":0,"71":0,"72":0,"73":0,"74":0,"75":0,"76":0,"77":0,"78":0,"79":0,"80":0,"81":0,"82":0,"83":0,"84":0,"85":0,"86":0,"87":0,"88":0,"89":0,"90":0,"91":0,"92":0,"93":0,"94":0,"95":0,"96":0,"97":0,"98":0,"99":0,"100":0,"101":0,"102":0,"103":0,"104":0,"105":0,"106":0,"107":0,"108":0,"109":0,"110":0,"111":0,"112":0},"f":{"0":0,"1":0,"2":0,"3":0,"4":0,"5":0,"6":0},"b":{"0":[0],"1":[0],"2":[0],"3":[0],"4":[0],"5":[0],"6":[0],"7":[0],"8":[0],"9":[0],"10":[0],"11":[0],"12":[0],"13":[0]}}
,"/Users/yakky/Downloads/project/backend/src/routes/index.ts": {"path":"/Users/yakky/Downloads/project/backend/src/routes/index.ts","statementMap":{"0":{"start":{"line":1,"column":0},"end":{"line":1,"column":28}},"1":{"start":{"line":2,"column":0},"end":{"line":2,"column":33}},"2":{"start":{"line":3,"column":0},"end":{"line":3,"column":37}},"3":{"start":{"line":4,"column":0},"end":{"line":4,"column":46}},"4":{"start":{"line":5,"column":0},"end":{"line":5,"column":52}},"5":{"start":{"line":6,"column":0},"end":{"line":6,"column":54}},"6":{"start":{"line":7,"column":0},"end":{"line":7,"column":56}},"7":{"start":{"line":8,"column":0},"end":{"line":8,"column":34}},"8":{"start":{"line":9,"column":0},"end":{"line":9,"column":31}},"9":{"start":{"line":10,"column":0},"end":{"line":10,"column":59}},"10":{"start":{"line":13,"column":12},"end":{"line":13,"column":22}},"11":{"start":{"line":16,"column":0},"end":{"line":16,"column":null}},"12":{"start":{"line":17,"column":0},"end":{"line":17,"column":null}},"13":{"start":{"line":18,"column":0},"end":{"line":18,"column":null}},"14":{"start":{"line":21,"column":0},"end":{"line":28,"column":null}},"15":{"start":{"line":31,"column":19},"end":{"line":33,"column":null}},"16":{"start":{"line":36,"column":0},"end":{"line":36,"column":null}},"17":{"start":{"line":37,"column":0},"end":{"line":37,"column":null}},"18":{"start":{"line":40,"column":0},"end":{"line":70,"column":null}},"19":{"start":{"line":41,"column":2},"end":{"line":41,"column":null}},"20":{"start":{"line":43,"column":2},"end":{"line":52,"column":3}},"21":{"start":{"line":44,"column":4},"end":{"line":51,"column":null}},"22":{"start":{"line":56,"column":4},"end":{"line":61,"column":11}},"23":{"start":{"line":63,"column":2},"end":{"line":69,"column":null}},"24":{"start":{"line":73,"column":0},"end":{"line":73,"column":null}},"25":{"start":{"line":74,"column":0},"end":{"line":74,"column":null}},"26":{"start":{"line":75,"column":0},"end":{"line":75,"column":null}},"27":{"start":{"line":78,"column":0},"end":{"line":83,"column":null}},"28":{"start":{"line":79,"column":2},"end":{"line":82,"column":4}},"29":{"start":{"line":85,"column":0},"end":{"line":85,"column":null}}},"fnMap":{"0":{"name":"(anonymous_1)","decl":{"start":{"line":40,"column":12},"end":{"line":40,"column":13}},"loc":{"start":{"line":40,"column":23},"end":{"line":70,"column":1}}},"1":{"name":"(anonymous_2)","decl":{"start":{"line":78,"column":13},"end":{"line":78,"column":14}},"loc":{"start":{"line":79,"column":2},"end":{"line":82,"column":4}}}},"branchMap":{"0":{"loc":{"start":{"line":43,"column":2},"end":{"line":52,"column":3}},"type":"if","locations":[{"start":{"line":43,"column":2},"end":{"line":52,"column":3}}]},"1":{"loc":{"start":{"line":56,"column":4},"end":{"line":61,"column":11}},"type":"cond-expr","locations":[{"start":{"line":60,"column":9},"end":{"line":60,"column":27}},{"start":{"line":61,"column":8},"end":{"line":61,"column":11}}]},"2":{"loc":{"start":{"line":56,"column":4},"end":{"line":59,"column":34}},"type":"binary-expr","locations":[{"start":{"line":56,"column":4},"end":{"line":56,"column":7}},{"start":{"line":57,"column":4},"end":{"line":57,"column":27}},{"start":{"line":58,"column":4},"end":{"line":58,"column":19}},{"start":{"line":59,"column":4},"end":{"line":59,"column":34}}]},"3":{"loc":{"start":{"line":66,"column":15},"end":{"line":66,"column":53}},"type":"binary-expr","locations":[{"start":{"line":66,"column":15},"end":{"line":66,"column":26}},{"start":{"line":66,"column":30},"end":{"line":66,"column":53}}]}},"s":{"0":1,"1":1,"2":1,"3":1,"4":1,"5":1,"6":1,"7":1,"8":1,"9":1,"10":1,"11":1,"12":1,"13":1,"14":1,"15":1,"16":1,"17":1,"18":1,"19":0,"20":0,"21":0,"22":0,"23":0,"24":1,"25":1,"26":1,"27":1,"28":0,"29":1},"f":{"0":0,"1":0},"b":{"0":[0],"1":[0,0],"2":[0,0,0,0],"3":[0,0]}}
,"/Users/yakky/Downloads/project/backend/src/routes/metadata.routes.ts": {"path":"/Users/yakky/Downloads/project/backend/src/routes/metadata.routes.ts","statementMap":{"0":{"start":{"line":1,"column":0},"end":{"line":1,"column":28}},"1":{"start":{"line":2,"column":0},"end":{"line":2,"column":49}},"2":{"start":{"line":3,"column":0},"end":{"line":3,"column":63}},"3":{"start":{"line":4,"column":0},"end":{"line":4,"column":52}},"4":{"start":{"line":5,"column":0},"end":{"line":5,"column":null}},"5":{"start":{"line":14,"column":13},"end":{"line":16,"column":28}},"6":{"start":{"line":46,"column":0},"end":{"line":56,"column":3}},"7":{"start":{"line":47,"column":17},"end":{"line":47,"column":32}},"8":{"start":{"line":48,"column":15},"end":{"line":48,"column":34}},"9":{"start":{"line":50,"column":19},"end":{"line":50,"column":69}},"10":{"start":{"line":52,"column":2},"end":{"line":55,"column":10}},"11":{"start":{"line":87,"column":0},"end":{"line":96,"column":3}},"12":{"start":{"line":88,"column":17},"end":{"line":88,"column":37}},"13":{"start":{"line":90,"column":19},"end":{"line":90,"column":60}},"14":{"start":{"line":92,"column":2},"end":{"line":95,"column":5}},"15":{"start":{"line":137,"column":0},"end":{"line":149,"column":3}},"16":{"start":{"line":138,"column":17},"end":{"line":138,"column":37}},"17":{"start":{"line":139,"column":17},"end":{"line":139,"column":32}},"18":{"start":{"line":140,"column":19},"end":{"line":140,"column":36}},"19":{"start":{"line":141,"column":15},"end":{"line":141,"column":34}},"20":{"start":{"line":143,"column":19},"end":{"line":143,"column":83}},"21":{"start":{"line":145,"column":2},"end":{"line":148,"column":5}},"22":{"start":{"line":187,"column":0},"end":{"line":198,"column":3}},"23":{"start":{"line":188,"column":17},"end":{"line":188,"column":37}},"24":{"start":{"line":189,"column":17},"end":{"line":189,"column":32}},"25":{"start":{"line":190,"column":19},"end":{"line":190,"column":36}},"26":{"start":{"line":192,"column":2},"end":{"line":192,"column":61}},"27":{"start":{"line":194,"column":2},"end":{"line":197,"column":5}},"28":{"start":{"line":255,"column":0},"end":{"line":280,"column":3}},"29":{"start":{"line":263,"column":6},"end":{"line":263,"column":19}},"30":{"start":{"line":265,"column":17},"end":{"line":274,"column":4}},"31":{"start":{"line":276,"column":2},"end":{"line":279,"column":5}},"32":{"start":{"line":325,"column":0},"end":{"line":347,"column":3}},"33":{"start":{"line":326,"column":17},"end":{"line":326,"column":32}},"34":{"start":{"line":332,"column":6},"end":{"line":332,"column":19}},"35":{"start":{"line":334,"column":17},"end":{"line":341,"column":4}},"36":{"start":{"line":343,"column":2},"end":{"line":346,"column":5}},"37":{"start":{"line":349,"column":0},"end":{"line":349,"column":30}}},"fnMap":{"0":{"name":"(anonymous_0)","decl":{"start":{"line":46,"column":68},"end":{"line":46,"column":73}},"loc":{"start":{"line":46,"column":80},"end":{"line":56,"column":1}}},"1":{"name":"(anonymous_1)","decl":{"start":{"line":87,"column":71},"end":{"line":87,"column":76}},"loc":{"start":{"line":87,"column":83},"end":{"line":96,"column":1}}},"2":{"name":"(anonymous_2)","decl":{"start":{"line":137,"column":114},"end":{"line":137,"column":119}},"loc":{"start":{"line":137,"column":126},"end":{"line":149,"column":1}}},"3":{"name":"(anonymous_3)","decl":{"start":{"line":187,"column":74},"end":{"line":187,"column":79}},"loc":{"start":{"line":187,"column":86},"end":{"line":198,"column":1}}},"4":{"name":"(anonymous_4)","decl":{"start":{"line":255,"column":30},"end":{"line":255,"column":35}},"loc":{"start":{"line":255,"column":42},"end":{"line":280,"column":1}}},"5":{"name":"(anonymous_5)","decl":{"start":{"line":325,"column":28},"end":{"line":325,"column":33}},"loc":{"start":{"line":325,"column":40},"end":{"line":347,"column":1}}}},"branchMap":{"0":{"loc":{"start":{"line":257,"column":4},"end":{"line":257,"column":14}},"type":"default-arg","locations":[{"start":{"line":257,"column":11},"end":{"line":257,"column":14}}]},"1":{"loc":{"start":{"line":258,"column":4},"end":{"line":258,"column":16}},"type":"default-arg","locations":[{"start":{"line":258,"column":12},"end":{"line":258,"column":16}}]},"2":{"loc":{"start":{"line":328,"column":4},"end":{"line":328,"column":14}},"type":"default-arg","locations":[{"start":{"line":328,"column":11},"end":{"line":328,"column":14}}]},"3":{"loc":{"start":{"line":329,"column":4},"end":{"line":329,"column":16}},"type":"default-arg","locations":[{"start":{"line":329,"column":12},"end":{"line":329,"column":16}}]}},"s":{"0":0,"1":0,"2":0,"3":0,"4":0,"5":0,"6":0,"7":0,"8":0,"9":0,"10":0,"11":0,"12":0,"13":0,"14":0,"15":0,"16":0,"17":0,"18":0,"19":0,"20":0,"21":0,"22":0,"23":0,"24":0,"25":0,"26":0,"27":0,"28":0,"29":0,"30":0,"31":0,"32":0,"33":0,"34":0,"35":0,"36":0,"37":0},"f":{"0":0,"1":0,"2":0,"3":0,"4":0,"5":0},"b":{"0":[0],"1":[0],"2":[0],"3":[0]}}
,"/Users/yakky/Downloads/project/backend/src/routes/user.routes.new.ts": {"path":"/Users/yakky/Downloads/project/backend/src/routes/user.routes.new.ts","statementMap":{"0":{"start":{"line":1,"column":0},"end":{"line":1,"column":27}},"1":{"start":{"line":3,"column":0},"end":{"line":3,"column":54}},"2":{"start":{"line":4,"column":0},"end":{"line":4,"column":52}},"3":{"start":{"line":11,"column":0},"end":{"line":11,"column":46}},"4":{"start":{"line":18,"column":13},"end":{"line":24,"column":null}},"5":{"start":{"line":27,"column":0},"end":{"line":27,"column":null}},"6":{"start":{"line":55,"column":0},"end":{"line":64,"column":null}},"7":{"start":{"line":56,"column":17},"end":{"line":56,"column":32}},"8":{"start":{"line":58,"column":15},"end":{"line":58,"column":52}},"9":{"start":{"line":60,"column":2},"end":{"line":63,"column":null}},"10":{"start":{"line":100,"column":0},"end":{"line":110,"column":null}},"11":{"start":{"line":101,"column":17},"end":{"line":101,"column":32}},"12":{"start":{"line":102,"column":15},"end":{"line":102,"column":33}},"13":{"start":{"line":104,"column":22},"end":{"line":104,"column":67}},"14":{"start":{"line":106,"column":2},"end":{"line":109,"column":null}},"15":{"start":{"line":147,"column":0},"end":{"line":157,"column":null}},"16":{"start":{"line":148,"column":17},"end":{"line":148,"column":32}},"17":{"start":{"line":149,"column":43},"end":{"line":149,"column":61}},"18":{"start":{"line":151,"column":2},"end":{"line":151,"column":null}},"19":{"start":{"line":153,"column":2},"end":{"line":156,"column":null}},"20":{"start":{"line":161,"column":2},"end":{"line":175,"column":null}},"21":{"start":{"line":162,"column":21},"end":{"line":162,"column":38}},"22":{"start":{"line":164,"column":4},"end":{"line":172,"column":5}},"23":{"start":{"line":165,"column":6},"end":{"line":171,"column":null}},"24":{"start":{"line":174,"column":4},"end":{"line":174,"column":null}},"25":{"start":{"line":179,"column":13},"end":{"line":189,"column":null}},"26":{"start":{"line":243,"column":0},"end":{"line":259,"column":null}},"27":{"start":{"line":244,"column":53},"end":{"line":244,"column":66}},"28":{"start":{"line":246,"column":16},"end":{"line":253,"column":4}},"29":{"start":{"line":255,"column":2},"end":{"line":258,"column":null}},"30":{"start":{"line":262,"column":0},"end":{"line":262,"column":null}},"31":{"start":{"line":265,"column":0},"end":{"line":265,"column":null}}},"fnMap":{"0":{"name":"(anonymous_0)","decl":{"start":{"line":55,"column":27},"end":{"line":55,"column":32}},"loc":{"start":{"line":55,"column":48},"end":{"line":64,"column":1}}},"1":{"name":"(anonymous_1)","decl":{"start":{"line":100,"column":27},"end":{"line":100,"column":32}},"loc":{"start":{"line":100,"column":48},"end":{"line":110,"column":1}}},"2":{"name":"(anonymous_2)","decl":{"start":{"line":147,"column":36},"end":{"line":147,"column":41}},"loc":{"start":{"line":147,"column":57},"end":{"line":157,"column":1}}},"3":{"name":"adminOnly","decl":{"start":{"line":160,"column":9},"end":{"line":160,"column":18}},"loc":{"start":{"line":160,"column":18},"end":{"line":176,"column":1}}},"4":{"name":"(anonymous_4)","decl":{"start":{"line":161,"column":9},"end":{"line":161,"column":14}},"loc":{"start":{"line":161,"column":42},"end":{"line":175,"column":3}}},"5":{"name":"(anonymous_5)","decl":{"start":{"line":243,"column":21},"end":{"line":243,"column":26}},"loc":{"start":{"line":243,"column":42},"end":{"line":259,"column":1}}}},"branchMap":{"0":{"loc":{"start":{"line":164,"column":4},"end":{"line":172,"column":5}},"type":"if","locations":[{"start":{"line":164,"column":4},"end":{"line":172,"column":5}}]},"1":{"loc":{"start":{"line":244,"column":10},"end":{"line":244,"column":20}},"type":"default-arg","locations":[{"start":{"line":244,"column":17},"end":{"line":244,"column":20}}]},"2":{"loc":{"start":{"line":244,"column":22},"end":{"line":244,"column":34}},"type":"default-arg","locations":[{"start":{"line":244,"column":30},"end":{"line":244,"column":34}}]}},"s":{"0":1,"1":1,"2":1,"3":1,"4":1,"5":1,"6":1,"7":0,"8":0,"9":0,"10":1,"11":0,"12":0,"13":0,"14":0,"15":1,"16":0,"17":0,"18":0,"19":0,"20":1,"21":0,"22":0,"23":0,"24":0,"25":1,"26":1,"27":0,"28":0,"29":0,"30":1,"31":1},"f":{"0":0,"1":0,"2":0,"3":1,"4":0,"5":0},"b":{"0":[0],"1":[0],"2":[0]}}
,"/Users/yakky/Downloads/project/backend/src/routes/user.routes.ts": {"path":"/Users/yakky/Downloads/project/backend/src/routes/user.routes.ts","statementMap":{"0":{"start":{"line":1,"column":0},"end":{"line":1,"column":28}},"1":{"start":{"line":2,"column":0},"end":{"line":2,"column":49}},"2":{"start":{"line":3,"column":0},"end":{"line":3,"column":55}},"3":{"start":{"line":4,"column":0},"end":{"line":4,"column":46}},"4":{"start":{"line":5,"column":0},"end":{"line":5,"column":null}},"5":{"start":{"line":11,"column":0},"end":{"line":11,"column":46}},"6":{"start":{"line":17,"column":13},"end":{"line":26,"column":null}},"7":{"start":{"line":48,"column":0},"end":{"line":56,"column":null}},"8":{"start":{"line":49,"column":17},"end":{"line":49,"column":32}},"9":{"start":{"line":50,"column":15},"end":{"line":50,"column":51}},"10":{"start":{"line":52,"column":2},"end":{"line":55,"column":null}},"11":{"start":{"line":86,"column":0},"end":{"line":100,"column":null}},"12":{"start":{"line":90,"column":19},"end":{"line":90,"column":34}},"13":{"start":{"line":91,"column":17},"end":{"line":91,"column":36}},"14":{"start":{"line":93,"column":24},"end":{"line":93,"column":69}},"15":{"start":{"line":95,"column":4},"end":{"line":98,"column":null}},"16":{"start":{"line":135,"column":0},"end":{"line":149,"column":null}},"17":{"start":{"line":139,"column":19},"end":{"line":139,"column":34}},"18":{"start":{"line":140,"column":45},"end":{"line":140,"column":64}},"19":{"start":{"line":142,"column":4},"end":{"line":142,"column":null}},"20":{"start":{"line":144,"column":4},"end":{"line":147,"column":null}},"21":{"start":{"line":152,"column":20},"end":{"line":175,"column":4}},"22":{"start":{"line":162,"column":21},"end":{"line":162,"column":35}},"23":{"start":{"line":164,"column":4},"end":{"line":172,"column":5}},"24":{"start":{"line":165,"column":6},"end":{"line":171,"column":null}},"25":{"start":{"line":174,"column":4},"end":{"line":174,"column":null}},"26":{"start":{"line":223,"column":0},"end":{"line":239,"column":null}},"27":{"start":{"line":224,"column":53},"end":{"line":224,"column":66}},"28":{"start":{"line":226,"column":16},"end":{"line":233,"column":4}},"29":{"start":{"line":235,"column":2},"end":{"line":238,"column":null}},"30":{"start":{"line":272,"column":0},"end":{"line":281,"column":null}},"31":{"start":{"line":273,"column":17},"end":{"line":273,"column":37}},"32":{"start":{"line":275,"column":15},"end":{"line":275,"column":48}},"33":{"start":{"line":277,"column":2},"end":{"line":280,"column":null}},"34":{"start":{"line":328,"column":0},"end":{"line":352,"column":null}},"35":{"start":{"line":332,"column":19},"end":{"line":332,"column":39}},"36":{"start":{"line":333,"column":21},"end":{"line":333,"column":39}},"37":{"start":{"line":335,"column":4},"end":{"line":343,"column":5}},"38":{"start":{"line":336,"column":6},"end":{"line":342,"column":null}},"39":{"start":{"line":345,"column":24},"end":{"line":345,"column":78}},"40":{"start":{"line":347,"column":4},"end":{"line":350,"column":null}},"41":{"start":{"line":390,"column":0},"end":{"line":403,"column":null}},"42":{"start":{"line":394,"column":19},"end":{"line":394,"column":39}},"43":{"start":{"line":396,"column":4},"end":{"line":396,"column":null}},"44":{"start":{"line":398,"column":4},"end":{"line":401,"column":null}},"45":{"start":{"line":406,"column":0},"end":{"line":406,"column":null}},"46":{"start":{"line":408,"column":0},"end":{"line":408,"column":26}}},"fnMap":{"0":{"name":"(anonymous_0)","decl":{"start":{"line":48,"column":27},"end":{"line":48,"column":32}},"loc":{"start":{"line":48,"column":39},"end":{"line":56,"column":1}}},"1":{"name":"(anonymous_1)","decl":{"start":{"line":89,"column":2},"end":{"line":89,"column":7}},"loc":{"start":{"line":89,"column":14},"end":{"line":99,"column":3}}},"2":{"name":"(anonymous_2)","decl":{"start":{"line":138,"column":2},"end":{"line":138,"column":7}},"loc":{"start":{"line":138,"column":14},"end":{"line":148,"column":3}}},"3":{"name":"(anonymous_3)","decl":{"start":{"line":161,"column":12},"end":{"line":161,"column":17}},"loc":{"start":{"line":161,"column":30},"end":{"line":175,"column":3}}},"4":{"name":"(anonymous_4)","decl":{"start":{"line":223,"column":21},"end":{"line":223,"column":26}},"loc":{"start":{"line":223,"column":33},"end":{"line":239,"column":1}}},"5":{"name":"(anonymous_5)","decl":{"start":{"line":272,"column":64},"end":{"line":272,"column":69}},"loc":{"start":{"line":272,"column":76},"end":{"line":281,"column":1}}},"6":{"name":"(anonymous_6)","decl":{"start":{"line":331,"column":2},"end":{"line":331,"column":7}},"loc":{"start":{"line":331,"column":14},"end":{"line":351,"column":3}}},"7":{"name":"(anonymous_7)","decl":{"start":{"line":393,"column":2},"end":{"line":393,"column":7}},"loc":{"start":{"line":393,"column":14},"end":{"line":402,"column":3}}}},"branchMap":{"0":{"loc":{"start":{"line":164,"column":4},"end":{"line":172,"column":5}},"type":"if","locations":[{"start":{"line":164,"column":4},"end":{"line":172,"column":5}}]},"1":{"loc":{"start":{"line":224,"column":10},"end":{"line":224,"column":20}},"type":"default-arg","locations":[{"start":{"line":224,"column":17},"end":{"line":224,"column":20}}]},"2":{"loc":{"start":{"line":224,"column":22},"end":{"line":224,"column":34}},"type":"default-arg","locations":[{"start":{"line":224,"column":30},"end":{"line":224,"column":34}}]},"3":{"loc":{"start":{"line":335,"column":4},"end":{"line":343,"column":5}},"type":"if","locations":[{"start":{"line":335,"column":4},"end":{"line":343,"column":5}}]},"4":{"loc":{"start":{"line":335,"column":8},"end":{"line":335,"column":68}},"type":"binary-expr","locations":[{"start":{"line":335,"column":8},"end":{"line":335,"column":13}},{"start":{"line":335,"column":17},"end":{"line":335,"column":68}}]}},"s":{"0":0,"1":0,"2":0,"3":0,"4":0,"5":0,"6":0,"7":0,"8":0,"9":0,"10":0,"11":0,"12":0,"13":0,"14":0,"15":0,"16":0,"17":0,"18":0,"19":0,"20":0,"21":0,"22":0,"23":0,"24":0,"25":0,"26":0,"27":0,"28":0,"29":0,"30":0,"31":0,"32":0,"33":0,"34":0,"35":0,"36":0,"37":0,"38":0,"39":0,"40":0,"41":0,"42":0,"43":0,"44":0,"45":0,"46":0},"f":{"0":0,"1":0,"2":0,"3":0,"4":0,"5":0,"6":0,"7":0},"b":{"0":[0],"1":[0],"2":[0],"3":[0],"4":[0,0]}}
,"/Users/yakky/Downloads/project/backend/src/routes/auth/index.ts": {"path":"/Users/yakky/Downloads/project/backend/src/routes/auth/index.ts","statementMap":{"0":{"start":{"line":1,"column":0},"end":{"line":1,"column":27}},"1":{"start":{"line":2,"column":0},"end":{"line":2,"column":48}},"2":{"start":{"line":3,"column":0},"end":{"line":3,"column":null}},"3":{"start":{"line":10,"column":0},"end":{"line":10,"column":48}},"4":{"start":{"line":13,"column":13},"end":{"line":13,"column":23}},"5":{"start":{"line":16,"column":0},"end":{"line":16,"column":null}},"6":{"start":{"line":46,"column":0},"end":{"line":49,"column":null}},"7":{"start":{"line":48,"column":2},"end":{"line":48,"column":null}},"8":{"start":{"line":90,"column":0},"end":{"line":93,"column":null}},"9":{"start":{"line":92,"column":2},"end":{"line":92,"column":null}},"10":{"start":{"line":118,"column":0},"end":{"line":125,"column":null}},"11":{"start":{"line":123,"column":4},"end":{"line":123,"column":null}},"12":{"start":{"line":149,"column":0},"end":{"line":156,"column":null}},"13":{"start":{"line":154,"column":4},"end":{"line":154,"column":null}},"14":{"start":{"line":185,"column":0},"end":{"line":192,"column":null}},"15":{"start":{"line":190,"column":4},"end":{"line":190,"column":null}},"16":{"start":{"line":212,"column":0},"end":{"line":215,"column":null}},"17":{"start":{"line":214,"column":2},"end":{"line":214,"column":null}},"18":{"start":{"line":217,"column":0},"end":{"line":217,"column":null}}},"fnMap":{"0":{"name":"(anonymous_0)","decl":{"start":{"line":46,"column":53},"end":{"line":46,"column":58}},"loc":{"start":{"line":46,"column":65},"end":{"line":49,"column":1}}},"1":{"name":"(anonymous_1)","decl":{"start":{"line":90,"column":59},"end":{"line":90,"column":64}},"loc":{"start":{"line":90,"column":71},"end":{"line":93,"column":1}}},"2":{"name":"(anonymous_2)","decl":{"start":{"line":121,"column":2},"end":{"line":121,"column":7}},"loc":{"start":{"line":121,"column":14},"end":{"line":124,"column":3}}},"3":{"name":"(anonymous_3)","decl":{"start":{"line":152,"column":2},"end":{"line":152,"column":7}},"loc":{"start":{"line":152,"column":14},"end":{"line":155,"column":3}}},"4":{"name":"(anonymous_4)","decl":{"start":{"line":188,"column":2},"end":{"line":188,"column":7}},"loc":{"start":{"line":188,"column":14},"end":{"line":191,"column":3}}},"5":{"name":"(anonymous_5)","decl":{"start":{"line":212,"column":26},"end":{"line":212,"column":31}},"loc":{"start":{"line":212,"column":38},"end":{"line":215,"column":1}}}},"branchMap":{},"s":{"0":1,"1":1,"2":1,"3":1,"4":1,"5":1,"6":1,"7":2,"8":1,"9":0,"10":1,"11":0,"12":1,"13":0,"14":1,"15":0,"16":1,"17":0,"18":1},"f":{"0":2,"1":0,"2":0,"3":0,"4":0,"5":0},"b":{}}
,"/Users/yakky/Downloads/project/backend/src/services/admin.service.ts": {"path":"/Users/yakky/Downloads/project/backend/src/services/admin.service.ts","statementMap":{"0":{"start":{"line":1,"column":0},"end":{"line":1,"column":67}},"1":{"start":{"line":2,"column":0},"end":{"line":2,"column":75}},"2":{"start":{"line":3,"column":0},"end":{"line":3,"column":65}},"3":{"start":{"line":14,"column":0},"end":{"line":14,"column":null}},"4":{"start":{"line":22,"column":13},"end":{"line":237,"column":null}},"5":{"start":{"line":33,"column":23},"end":{"line":33,"column":51}},"6":{"start":{"line":34,"column":26},"end":{"line":34,"column":58}},"7":{"start":{"line":36,"column":26},"end":{"line":36,"column":36}},"8":{"start":{"line":37,"column":4},"end":{"line":37,"column":null}},"9":{"start":{"line":39,"column":31},"end":{"line":40,"column":null}},"10":{"start":{"line":42,"column":34},"end":{"line":43,"column":null}},"11":{"start":{"line":46,"column":24},"end":{"line":46,"column":58}},"12":{"start":{"line":48,"column":4},"end":{"line":54,"column":null}},"13":{"start":{"line":61,"column":19},"end":{"line":61,"column":54}},"14":{"start":{"line":63,"column":4},"end":{"line":81,"column":null}},"15":{"start":{"line":64,"column":41},"end":{"line":76,"column":8}},"16":{"start":{"line":91,"column":17},"end":{"line":91,"column":54}},"17":{"start":{"line":93,"column":4},"end":{"line":95,"column":5}},"18":{"start":{"line":94,"column":6},"end":{"line":94,"column":null}},"19":{"start":{"line":97,"column":24},"end":{"line":99,"column":6}},"20":{"start":{"line":101,"column":4},"end":{"line":113,"column":null}},"21":{"start":{"line":120,"column":17},"end":{"line":120,"column":54}},"22":{"start":{"line":122,"column":4},"end":{"line":124,"column":5}},"23":{"start":{"line":123,"column":6},"end":{"line":123,"column":null}},"24":{"start":{"line":127,"column":4},"end":{"line":127,"column":null}},"25":{"start":{"line":130,"column":4},"end":{"line":130,"column":null}},"26":{"start":{"line":139,"column":19},"end":{"line":139,"column":58}},"27":{"start":{"line":141,"column":4},"end":{"line":189,"column":null}},"28":{"start":{"line":142,"column":51},"end":{"line":184,"column":8}},"29":{"start":{"line":196,"column":21},"end":{"line":196,"column":58}},"30":{"start":{"line":198,"column":4},"en
[...]
y-expr","locations":[{"start":{"line":36,"column":20},"end":{"line":36,"column":37}},{"start":{"line":36,"column":41},"end":{"line":36,"column":50}}]},"3":{"loc":{"start":{"line":37,"column":18},"end":{"line":37,"column":46}},"type":"binary-expr","locations":[{"start":{"line":37,"column":18},"end":{"line":37,"column":33}},{"start":{"line":37,"column":37},"end":{"line":37,"column":46}}]},"4":{"loc":{"start":{"line":38,"column":13},"end":{"line":38,"column":36}},"type":"binary-expr","locations":[{"start":{"line":38,"column":13},"end":{"line":38,"column":23}},{"start":{"line":38,"column":27},"end":{"line":38,"column":36}}]},"5":{"loc":{"start":{"line":39,"column":13},"end":{"line":39,"column":36}},"type":"binary-expr","locations":[{"start":{"line":39,"column":13},"end":{"line":39,"column":23}},{"start":{"line":39,"column":27},"end":{"line":39,"column":36}}]},"6":{"loc":{"start":{"line":55,"column":4},"end":{"line":57,"column":5}},"type":"if","locations":[{"start":{"line":55,"column":4},"end":{"line":57,"column":5}}]},"7":{"loc":{"start":{"line":63,"column":12},"end":{"line":63,"column":34}},"type":"binary-expr","locations":[{"start":{"line":63,"column":12},"end":{"line":63,"column":28}},{"start":{"line":63,"column":32},"end":{"line":63,"column":34}}]},"8":{"loc":{"start":{"line":66,"column":20},"end":{"line":66,"column":57}},"type":"binary-expr","locations":[{"start":{"line":66,"column":20},"end":{"line":66,"column":44}},{"start":{"line":66,"column":48},"end":{"line":66,"column":57}}]},"9":{"loc":{"start":{"line":67,"column":18},"end":{"line":67,"column":53}},"type":"binary-expr","locations":[{"start":{"line":67,"column":18},"end":{"line":67,"column":40}},{"start":{"line":67,"column":44},"end":{"line":67,"column":53}}]},"10":{"loc":{"start":{"line":68,"column":13},"end":{"line":68,"column":43}},"type":"binary-expr","locations":[{"start":{"line":68,"column":13},"end":{"line":68,"column":30}},{"start":{"line":68,"column":34},"end":{"line":68,"column":43}}]},"11":{"loc":{"start":{"line":69,"column":13},"end":{"line":69,"column":43}},"type":"binary-expr","locations":[{"start":{"line":69,"column":13},"end":{"line":69,"column":30}},{"start":{"line":69,"column":34},"end":{"line":69,"column":43}}]},"12":{"loc":{"start":{"line":86,"column":4},"end":{"line":88,"column":5}},"type":"if","locations":[{"start":{"line":86,"column":4},"end":{"line":88,"column":5}}]},"13":{"loc":{"start":{"line":92,"column":4},"end":{"line":96,"column":5}},"type":"if","locations":[{"start":{"line":92,"column":4},"end":{"line":96,"column":5}}]},"14":{"loc":{"start":{"line":104,"column":4},"end":{"line":110,"column":5}},"type":"if","locations":[{"start":{"line":104,"column":4},"end":{"line":110,"column":5}}]},"15":{"loc":{"start":{"line":133,"column":4},"end":{"line":135,"column":5}},"type":"if","locations":[{"start":{"line":133,"column":4},"end":{"line":135,"column":5}}]},"16":{"loc":{"start":{"line":142,"column":14},"end":{"line":142,"column":29}},"type":"binary-expr","locations":[{"start":{"line":142,"column":14},"end":{"line":142,"column":23}},{"start":{"line":142,"column":27},"end":{"line":142,"column":29}}]},"17":{"loc":{"start":{"line":146,"column":22},"end":{"line":146,"column":45}},"type":"binary-expr","locations":[{"start":{"line":146,"column":22},"end":{"line":146,"column":39}},{"start":{"line":146,"column":43},"end":{"line":146,"column":45}}]},"18":{"loc":{"start":{"line":147,"column":20},"end":{"line":147,"column":48}},"type":"binary-expr","locations":[{"start":{"line":147,"column":20},"end":{"line":147,"column":35}},{"start":{"line":147,"column":39},"end":{"line":147,"column":48}}]},"19":{"loc":{"start":{"line":148,"column":15},"end":{"line":148,"column":38}},"type":"binary-expr","locations":[{"start":{"line":148,"column":15},"end":{"line":148,"column":25}},{"start":{"line":148,"column":29},"end":{"line":148,"column":38}}]},"20":{"loc":{"start":{"line":149,"column":15},"end":{"line":149,"column":38}},"type":"binary-expr","locations":[{"start":{"line":149,"column":15},"end":{"line":149,"column":25}},{"start":{"line":149,"column":29},"end":{"line":149,"column":38}}]},"21":{"loc":{"start":{"line":166,"column":4},"end":{"line":168,"column":5}},"type":"if","locations":[{"start":{"line":166,"column":4},"end":{"line":168,"column":5}}]},"22":{"loc":{"start":{"line":172,"column":12},"end":{"line":172,"column":27}},"type":"binary-expr","locations":[{"start":{"line":172,"column":12},"end":{"line":172,"column":21}},{"start":{"line":172,"column":25},"end":{"line":172,"column":27}}]},"23":{"loc":{"start":{"line":175,"column":20},"end":{"line":175,"column":50}},"type":"binary-expr","locations":[{"start":{"line":175,"column":20},"end":{"line":175,"column":37}},{"start":{"line":175,"column":41},"end":{"line":175,"column":50}}]},"24":{"loc":{"start":{"line":176,"column":18},"end":{"line":176,"column":46}},"type":"binary-expr","locations":[{"start":{"line":176,"column":18},"end":{"line":176,"column":33}},{"start":{"line":176,"column":37},"end":{"line":176,"column":46}}]},"25":{"loc":{"start":{"line":177,"column":13},"end":{"line":177,"column":36}},"type":"binary-expr","locations":[{"start":{"line":177,"column":13},"end":{"line":177,"column":23}},{"start":{"line":177,"column":27},"end":{"line":177,"column":36}}]},"26":{"loc":{"start":{"line":178,"column":13},"end":{"line":178,"column":36}},"type":"binary-expr","locations":[{"start":{"line":178,"column":13},"end":{"line":178,"column":23}},{"start":{"line":178,"column":27},"end":{"line":178,"column":36}}]},"27":{"loc":{"start":{"line":194,"column":4},"end":{"line":196,"column":5}},"type":"if","locations":[{"start":{"line":194,"column":4},"end":{"line":196,"column":5}}]},"28":{"loc":{"start":{"line":204,"column":12},"end":{"line":204,"column":34}},"type":"binary-expr","locations":[{"start":{"line":204,"column":12},"end":{"line":204,"column":28}},{"start":{"line":204,"column":32},"end":{"line":204,"column":34}}]},"29":{"loc":{"start":{"line":207,"column":20},"end":{"line":207,"column":57}},"type":"binary-expr","locations":[{"start":{"line":207,"column":20},"end":{"line":207,"column":44}},{"start":{"line":207,"column":48},"end":{"line":207,"column":57}}]},"30":{"loc":{"start":{"line":208,"column":18},"end":{"line":208,"column":53}},"type":"binary-expr","locations":[{"start":{"line":208,"column":18},"end":{"line":208,"column":40}},{"start":{"line":208,"column":44},"end":{"line":208,"column":53}}]},"31":{"loc":{"start":{"line":209,"column":13},"end":{"line":209,"column":43}},"type":"binary-expr","locations":[{"start":{"line":209,"column":13},"end":{"line":209,"column":30}},{"start":{"line":209,"column":34},"end":{"line":209,"column":43}}]},"32":{"loc":{"start":{"line":210,"column":13},"end":{"line":210,"column":43}},"type":"binary-expr","locations":[{"start":{"line":210,"column":13},"end":{"line":210,"column":30}},{"start":{"line":210,"column":34},"end":{"line":210,"column":43}}]},"33":{"loc":{"start":{"line":223,"column":4},"end":{"line":225,"column":5}},"type":"if","locations":[{"start":{"line":223,"column":4},"end":{"line":225,"column":5}}]}},"s":{"0":1,"1":1,"2":1,"3":1,"4":1,"5":0,"6":0,"7":0,"8":0,"9":0,"10":0,"11":0,"12":0,"13":0,"14":0,"15":0,"16":0,"17":0,"18":0,"19":0,"20":0,"21":0,"22":0,"23":0,"24":0,"25":0,"26":0,"27":0,"28":0,"29":0,"30":0,"31":0,"32":0,"33":0,"34":0,"35":0,"36":0,"37":0,"38":0,"39":0,"40":0,"41":0,"42":0,"43":0,"44":0,"45":0},"f":{"0":0,"1":0,"2":0,"3":0,"4":0,"5":0,"6":0,"7":0},"b":{"0":[0],"1":[0,0],"2":[0,0],"3":[0,0],"4":[0,0],"5":[0,0],"6":[0],"7":[0,0],"8":[0,0],"9":[0,0],"10":[0,0],"11":[0,0],"12":[0],"13":[0],"14":[0],"15":[0],"16":[0,0],"17":[0,0],"18":[0,0],"19":[0,0],"20":[0,0],"21":[0],"22":[0,0],"23":[0,0],"24":[0,0],"25":[0,0],"26":[0,0],"27":[0],"28":[0,0],"29":[0,0],"30":[0,0],"31":[0,0],"32":[0,0],"33":[0]}}
,"/Users/yakky/Downloads/project/backend/src/types/auth.types.ts": {"path":"/Users/yakky/Downloads/project/backend/src/types/auth.types.ts","statementMap":{"0":{"start":{"line":1,"column":0},"end":{"line":1,"column":23}},"1":{"start":{"line":6,"column":0},"end":{"line":6,"column":null}},"2":{"start":{"line":7,"column":2},"end":{"line":7,"column":null}},"3":{"start":{"line":8,"column":2},"end":{"line":8,"column":null}},"4":{"start":{"line":9,"column":2},"end":{"line":9,"column":null}},"5":{"start":{"line":15,"column":13},"end":{"line":18,"column":null}},"6":{"start":{"line":25,"column":13},"end":{"line":32,"column":null}},"7":{"start":{"line":39,"column":13},"end":{"line":41,"column":null}},"8":{"start":{"line":48,"column":13},"end":{"line":51,"column":null}},"9":{"start":{"line":58,"column":13},"end":{"line":61,"column":null}},"10":{"start":{"line":68,"column":13},"end":{"line":70,"column":null}}},"fnMap":{"0":{"name":"(anonymous_0)","decl":{"start":{"line":6,"column":0},"end":{"line":6,"column":12}},"loc":{"start":{"line":6,"column":20},"end":{"line":10,"column":1}}}},"branchMap":{"0":{"loc":{"start":{"line":6,"column":12},"end":{"line":6,"column":null}},"type":"binary-expr","locations":[{"start":{"line":6,"column":12},"end":{"line":6,"column":20}},{"start":{"line":6,"column":20},"end":{"line":6,"column":null}}]}},"s":{"0":1,"1":1,"2":1,"3":1,"4":1,"5":1,"6":1,"7":1,"8":1,"9":1,"10":1},"f":{"0":1},"b":{"0":[1,1]}}
,"/Users/yakky/Downloads/project/backend/src/types/metadata.types.ts": {"path":"/Users/yakky/Downloads/project/backend/src/types/metadata.types.ts","statementMap":{"0":{"start":{"line":1,"column":0},"end":{"line":1,"column":24}},"1":{"start":{"line":6,"column":13},"end":{"line":44,"column":3}},"2":{"start":{"line":51,"column":13},"end":{"line":53,"column":3}},"3":{"start":{"line":60,"column":13},"end":{"line":60,"column":52}},"4":{"start":{"line":112,"column":13},"end":{"line":124,"column":3}},"5":{"start":{"line":113,"column":47},"end":{"line":113,"column":74}},"6":{"start":{"line":114,"column":48},"end":{"line":114,"column":76}}},"fnMap":{"0":{"name":"(anonymous_0)","decl":{"start":{"line":113,"column":40},"end":{"line":113,"column":43}},"loc":{"start":{"line":113,"column":47},"end":{"line":113,"column":74}}},"1":{"name":"(anonymous_1)","decl":{"start":{"line":114,"column":41},"end":{"line":114,"column":44}},"loc":{"start":{"line":114,"column":48},"end":{"line":114,"column":76}}}},"branchMap":{"0":{"loc":{"start":{"line":113,"column":47},"end":{"line":113,"column":74}},"type":"cond-expr","locations":[{"start":{"line":113,"column":53},"end":{"line":113,"column":70}},{"start":{"line":113,"column":73},"end":{"line":113,"column":74}}]},"1":{"loc":{"start":{"line":114,"column":48},"end":{"line":114,"column":76}},"type":"cond-expr","locations":[{"start":{"line":114,"column":54},"end":{"line":114,"column":71}},{"start":{"line":114,"column":74},"end":{"line":114,"column":76}}]}},"s":{"0":0,"1":0,"2":0,"3":0,"4":0,"5":0,"6":0},"f":{"0":0,"1":0},"b":{"0":[0,0],"1":[0,0]}}
,"/Users/yakky/Downloads/project/backend/src/types/user.types.ts": {"path":"/Users/yakky/Downloads/project/backend/src/types/user.types.ts","statementMap":{"0":{"start":{"line":1,"column":0},"end":{"line":1,"column":23}},"1":{"start":{"line":2,"column":0},"end":{"line":2,"column":39}},"2":{"start":{"line":7,"column":13},"end":{"line":13,"column":null}},"3":{"start":{"line":20,"column":13},"end":{"line":22,"column":null}},"4":{"start":{"line":29,"column":13},"end":{"line":29,"column":null}},"5":{"start":{"line":34,"column":13},"end":{"line":37,"column":null}},"6":{"start":{"line":61,"column":13},"end":{"line":77,"column":null}},"7":{"start":{"line":65,"column":25},"end":{"line":65,"column":52}},"8":{"start":{"line":69,"column":25},"end":{"line":69,"column":53}},"9":{"start":{"line":112,"column":13},"end":{"line":114,"column":null}}},"fnMap":{"0":{"name":"(anonymous_0)","decl":{"start":{"line":65,"column":15},"end":{"line":65,"column":16}},"loc":{"start":{"line":65,"column":25},"end":{"line":65,"column":52}}},"1":{"name":"(anonymous_1)","decl":{"start":{"line":69,"column":15},"end":{"line":69,"column":16}},"loc":{"start":{"line":69,"column":25},"end":{"line":69,"column":53}}}},"branchMap":{"0":{"loc":{"start":{"line":65,"column":25},"end":{"line":65,"column":52}},"type":"cond-expr","locations":[{"start":{"line":65,"column":31},"end":{"line":65,"column":48}},{"start":{"line":65,"column":51},"end":{"line":65,"column":52}}]},"1":{"loc":{"start":{"line":69,"column":25},"end":{"line":69,"column":53}},"type":"cond-expr","locations":[{"start":{"line":69,"column":31},"end":{"line":69,"column":48}},{"start":{"line":69,"column":51},"end":{"line":69,"column":53}}]}},"s":{"0":0,"1":0,"2":0,"3":0,"4":0,"5":0,"6":0,"7":0,"8":0,"9":0},"f":{"0":0,"1":0},"b":{"0":[0,0],"1":[0,0]}}
,"/Users/yakky/Downloads/project/backend/src/utils/jwt.ts": {"path":"/Users/yakky/Downloads/project/backend/src/utils/jwt.ts","statementMap":{"0":{"start":{"line":23,"column":0},"end":{"line":23,"column":7}},"1":{"start":{"line":39,"column":0},"end":{"line":39,"column":7}},"2":{"start":{"line":55,"column":0},"end":{"line":55,"column":7}},"3":{"start":{"line":67,"column":0},"end":{"line":67,"column":7}},"4":{"start":{"line":1,"column":0},"end":{"line":1,"column":41}},"5":{"start":{"line":2,"column":0},"end":{"line":2,"column":34}},"6":{"start":{"line":6,"column":20},"end":{"line":6,"column":37}},"7":{"start":{"line":7,"column":18},"end":{"line":7,"column":55}},"8":{"start":{"line":8,"column":22},"end":{"line":8,"column":59}},"9":{"start":{"line":27,"column":16},"end":{"line":31,"column":20}},"10":{"start":{"line":33,"column":2},"end":{"line":33,"column":null}},"11":{"start":{"line":43,"column":16},"end":{"line":47,"column":24}},"12":{"start":{"line":49,"column":2},"end":{"line":49,"column":null}},"13":{"start":{"line":56,"column":2},"end":{"line":61,"column":3}},"14":{"start":{"line":57,"column":24},"end":{"line":57,"column":57}},"15":{"start":{"line":58,"column":4},"end":{"line":58,"column":null}},"16":{"start":{"line":60,"column":4},"end":{"line":60,"column":null}},"17":{"start":{"line":68,"column":2},"end":{"line":73,"column":3}},"18":{"start":{"line":69,"column":24},"end":{"line":69,"column":61}},"19":{"start":{"line":70,"column":4},"end":{"line":70,"column":null}},"20":{"start":{"line":72,"column":4},"end":{"line":72,"column":null}}},"fnMap":{"0":{"name":"generateToken","decl":{"start":{"line":23,"column":22},"end":{"line":23,"column":35}},"loc":{"start":{"line":25,"column":34},"end":{"line":34,"column":1}}},"1":{"name":"generateRefreshToken","decl":{"start":{"line":39,"column":22},"end":{"line":39,"column":42}},"loc":{"start":{"line":41,"column":41},"end":{"line":50,"column":1}}},"2":{"name":"verifyToken","decl":{"start":{"line":55,"column":22},"end":{"line":55,"column":33}},"loc":{"start":{"line":55,"column":47},"end":{"line":62,"column":1}}},"3":{"name":"verifyRefreshToken","decl":{"start":{"line":67,"column":22},"end":{"line":67,"column":40}},"loc":{"start":{"line":67,"column":54},"end":{"line":74,"column":1}}}},"branchMap":{"0":{"loc":{"start":{"line":25,"column":2},"end":{"line":25,"column":34}},"type":"default-arg","locations":[{"start":{"line":25,"column":14},"end":{"line":25,"column":34}}]},"1":{"loc":{"start":{"line":41,"column":2},"end":{"line":41,"column":41}},"type":"default-arg","locations":[{"start":{"line":41,"column":14},"end":{"line":41,"column":41}}]}},"s":{"0":1,"1":1,"2":1,"3":1,"4":1,"5":1,"6":1,"7":1,"8":1,"9":0,"10":0,"11":0,"12":0,"13":0,"14":0,"15":0,"16":0,"17":0,"18":0,"19":0,"20":0},"f":{"0":0,"1":0,"2":0,"3":0},"b":{"0":[0],"1":[0]}}
,"/Users/yakky/Downloads/project/backend/src/utils/password.ts": {"path":"/Users/yakky/Downloads/project/backend/src/utils/password.ts","statementMap":{"0":{"start":{"line":8,"column":0},"end":{"line":8,"column":7}},"1":{"start":{"line":19,"column":0},"end":{"line":19,"column":7}},"2":{"start":{"line":31,"column":0},"end":{"line":31,"column":16}},"3":{"start":{"line":1,"column":0},"end":{"line":1,"column":29}},"4":{"start":{"line":9,"column":15},"end":{"line":9,"column":39}},"5":{"start":{"line":10,"column":2},"end":{"line":10,"column":null}},"6":{"start":{"line":23,"column":2},"end":{"line":23,"column":null}},"7":{"start":{"line":33,"column":4},"end":{"line":33,"column":97}},"8":{"start":{"line":34,"column":17},"end":{"line":34,"column":19}},"9":{"start":{"line":36,"column":2},"end":{"line":39,"column":3}},"10":{"start":{"line":36,"column":15},"end":{"line":36,"column":16}},"11":{"start":{"line":37,"column":24},"end":{"line":37,"column":66}},"12":{"start":{"line":38,"column":4},"end":{"line":38,"column":null}},"13":{"start":{"line":41,"column":2},"end":{"line":41,"column":null}}},"fnMap":{"0":{"name":"hashPassword","decl":{"start":{"line":8,"column":22},"end":{"line":8,"column":34}},"loc":{"start":{"line":8,"column":51},"end":{"line":11,"column":1}}},"1":{"name":"comparePassword","decl":{"start":{"line":19,"column":22},"end":{"line":19,"column":37}},"loc":{"start":{"line":21,"column":24},"end":{"line":24,"column":1}}},"2":{"name":"generateRandomPassword","decl":{"start":{"line":31,"column":16},"end":{"line":31,"column":38}},"loc":{"start":{"line":31,"column":50},"end":{"line":42,"column":1}}}},"branchMap":{"0":{"loc":{"start":{"line":31,"column":39},"end":{"line":31,"column":50}},"type":"default-arg","locations":[{"start":{"line":31,"column":48},"end":{"line":31,"column":50}}]}},"s":{"0":1,"1":1,"2":1,"3":1,"4":0,"5":0,"6":0,"7":0,"8":0,"9":0,"10":0,"11":0,"12":0,"13":0},"f":{"0":0,"1":0,"2":0},"b":{"0":[0]}}
,"/Users/yakky/Downloads/project/backend/src/utils/role-mapper.ts": {"path":"/Users/yakky/Downloads/project/backend/src/utils/role-mapper.ts","statementMap":{"0":{"start":{"line":7,"column":0},"end":{"line":7,"column":16}},"1":{"start":{"line":25,"column":0},"end":{"line":25,"column":16}},"2":{"start":{"line":41,"column":0},"end":{"line":41,"column":16}},"3":{"start":{"line":1,"column":0},"end":{"line":1,"column":61}},"4":{"start":{"line":10,"column":2},"end":{"line":19,"column":3}},"5":{"start":{"line":12,"column":6},"end":{"line":12,"column":null}},"6":{"start":{"line":14,"column":6},"end":{"line":14,"column":null}},"7":{"start":{"line":16,"column":6},"end":{"line":16,"column":null}},"8":{"start":{"line":18,"column":6},"end":{"line":18,"column":30}},"9":{"start":{"line":26,"column":2},"end":{"line":35,"column":3}},"10":{"start":{"line":28,"column":6},"end":{"line":28,"column":null}},"11":{"start":{"line":30,"column":6},"end":{"line":30,"column":null}},"12":{"start":{"line":32,"column":6},"end":{"line":32,"column":null}},"13":{"start":{"line":34,"column":6},"end":{"line":34,"column":20}},"14":{"start":{"line":42,"column":2},"end":{"line":42,"column":null}}},"fnMap":{"0":{"name":"mapPrismaRoleToAppRole","decl":{"start":{"line":7,"column":16},"end":{"line":7,"column":38}},"loc":{"start":{"line":8,"column":28},"end":{"line":20,"column":1}}},"1":{"name":"mapAppRoleToPrismaRole","decl":{"start":{"line":25,"column":16},"end":{"line":25,"column":38}},"loc":{"start":{"line":25,"column":59},"end":{"line":36,"column":1}}},"2":{"name":"isValidUserRole","decl":{"start":{"line":41,"column":16},"end":{"line":41,"column":31}},"loc":{"start":{"line":41,"column":44},"end":{"line":43,"column":1}}}},"branchMap":{"0":{"loc":{"start":{"line":10,"column":2},"end":{"line":19,"column":3}},"type":"switch","locations":[{"start":{"line":11,"column":4},"end":{"line":12,"column":null}},{"start":{"line":13,"column":4},"end":{"line":14,"column":null}},{"start":{"line":15,"column":4},"end":{"line":16,"column":null}},{"start":{"line":17,"column":4},"end":{"line":18,"column":30}}]},"1":{"loc":{"start":{"line":26,"column":2},"end":{"line":35,"column":3}},"type":"switch","locations":[{"start":{"line":27,"column":4},"end":{"line":28,"column":null}},{"start":{"line":29,"column":4},"end":{"line":30,"column":null}},{"start":{"line":31,"column":4},"end":{"line":32,"column":null}},{"start":{"line":33,"column":4},"end":{"line":34,"column":20}}]}},"s":{"0":1,"1":1,"2":1,"3":1,"4":0,"5":0,"6":0,"7":0,"8":0,"9":0,"10":0,"11":0,"12":0,"13":0,"14":0},"f":{"0":0,"1":0,"2":0},"b":{"0":[0,0,0,0],"1":[0,0,0,0]}}
}
