TN:
SF:src/db/client.ts
FNF:0
FNH:0
DA:1,1
DA:2,1
DA:5,1
DA:7,1
DA:14,1
DA:15,0
LF:6
LH:5
BRDA:8,0,0,1
BRDA:8,0,1,1
BRDA:10,1,0,0
BRDA:10,1,1,1
BRDA:14,2,0,0
BRF:5
BRH:3
end_of_record
TN:
SF:src/db/prisma.ts
FN:13,(anonymous_0)
FN:14,(anonymous_1)
FN:15,(anonymous_2)
FN:16,(anonymous_3)
FN:18,(anonymous_4)
FN:19,(anonymous_5)
FN:24,(anonymous_6)
FN:25,(anonymous_7)
FN:26,(anonymous_8)
FN:28,(anonymous_9)
FN:29,(anonymous_10)
FNF:11
FNH:0
FNDA:0,(anonymous_0)
FNDA:0,(anonymous_1)
FNDA:0,(anonymous_2)
FNDA:0,(anonymous_3)
FNDA:0,(anonymous_4)
FNDA:0,(anonymous_5)
FNDA:0,(anonymous_6)
FNDA:0,(anonymous_7)
FNDA:0,(anonymous_8)
FNDA:0,(anonymous_9)
FNDA:0,(anonymous_10)
DA:1,1
DA:4,1
DA:12,1
DA:13,0
DA:14,0
DA:15,0
DA:17,0
DA:18,0
DA:20,0
DA:23,1
DA:24,0
DA:25,0
DA:27,0
DA:28,0
DA:30,0
LF:15
LH:4
BRDA:6,0,0,0
BRDA:6,0,1,1
BRF:2
BRH:1
end_of_record
TN:
SF:src/db/supabase.ts
FNF:0
FNH:0
DA:1,0
DA:2,0
DA:5,0
DA:7,0
DA:9,0
DA:10,0
DA:15,0
DA:17,0
LF:8
LH:0
BRDA:5,0,0,0
BRDA:5,0,1,0
BRDA:5,0,2,0
BRDA:7,1,0,0
BRDA:7,1,1,0
BRDA:7,1,2,0
BRDA:9,2,0,0
BRDA:9,3,0,0
BRDA:9,3,1,0
BRF:9
BRH:0
end_of_record
TN:
SF:src/db/repositories/metadata.repository.ts
FN:12,(anonymous_0)
FN:21,(anonymous_1)
FN:30,(anonymous_2)
FN:43,(anonymous_3)
FN:52,(anonymous_4)
FN:151,(anonymous_5)
FN:191,(anonymous_6)
FN:198,(anonymous_7)
FN:211,(anonymous_8)
FNF:9
FNH:0
FNDA:0,(anonymous_0)
FNDA:0,(anonymous_1)
FNDA:0,(anonymous_2)
FNDA:0,(anonymous_3)
FNDA:0,(anonymous_4)
FNDA:0,(anonymous_5)
FNDA:0,(anonymous_6)
FNDA:0,(anonymous_7)
FNDA:0,(anonymous_8)
DA:2,0
DA:8,0
DA:13,0
DA:22,0
DA:34,0
DA:44,0
DA:65,0
DA:68,0
DA:70,0
DA:71,0
DA:78,0
DA:79,0
DA:84,0
DA:85,0
DA:91,0
DA:92,0
DA:98,0
DA:99,0
DA:104,0
DA:105,0
DA:110,0
DA:111,0
DA:118,0
DA:121,0
DA:139,0
DA:152,0
DA:155,0
DA:159,0
DA:160,0
DA:167,0
DA:170,0
DA:179,0
DA:192,0
DA:199,0
DA:212,0
LF:35
LH:0
BRDA:70,0,0,0
BRDA:78,1,0,0
BRDA:84,2,0,0
BRDA:91,3,0,0
BRDA:98,4,0,0
BRDA:104,5,0,0
BRDA:110,6,0,0
BRDA:159,7,0,0
BRF:8
BRH:0
end_of_record
TN:
SF:src/db/repositories/user.repository.ts
FN:12,(anonymous_0)
FN:21,(anonymous_1)
FN:30,(anonymous_2)
FN:39,(anonymous_3)
FN:49,(anonymous_4)
FN:58,(anonymous_5)
FN:101,(anonymous_6)
FN:108,(anonymous_7)
FN:121,(anonymous_8)
FN:129,(anonymous_9)
FNF:10
FNH:0
FNDA:0,(anonymous_0)
FNDA:0,(anonymous_1)
FNDA:0,(anonymous_2)
FNDA:0,(anonymous_3)
FNDA:0,(anonymous_4)
FNDA:0,(anonymous_5)
FNDA:0,(anonymous_6)
FNDA:0,(anonymous_7)
FNDA:0,(anonymous_8)
FNDA:0,(anonymous_9)
DA:2,1
DA:8,1
DA:13,0
DA:22,0
DA:31,0
DA:40,0
DA:50,0
DA:59,0
DA:62,0
DA:64,0
DA:65,0
DA:72,0
DA:73,0
DA:77,0
DA:80,0
DA:89,0
DA:102,0
DA:109,0
DA:122,0
DA:129,0
DA:130,0
DA:131,0
LF:22
LH:2
BRDA:64,0,0,0
BRDA:72,1,0,0
BRF:2
BRH:0
end_of_record
TN:
SF:src/middleware/auth.ts
FN:10,authenticate
FN:36,authorize
FN:37,(anonymous_2)
FN:51,authorizeOwnerOrAdmin
FN:52,(anonymous_4)
FN:70,authMiddleware
FN:79,(anonymous_6)
FN:86,(anonymous_7)
FNF:8
FNH:1
FNDA:0,authenticate
FNDA:3,authorize
FNDA:0,(anonymous_2)
FNDA:0,authorizeOwnerOrAdmin
FNDA:0,(anonymous_4)
FNDA:0,authMiddleware
FNDA:0,(anonymous_6)
FNDA:0,(anonymous_7)
DA:2,1
DA:3,1
DA:4,1
DA:11,0
DA:13,0
DA:14,0
DA:17,0
DA:19,0
DA:20,0
DA:23,0
DA:24,0
DA:25,0
DA:27,0
DA:29,0
DA:37,3
DA:38,0
DA:40,0
DA:41,0
DA:44,0
DA:52,0
DA:53,0
DA:54,0
DA:56,0
DA:57,0
DA:63,0
DA:70,1
DA:71,0
DA:77,1
DA:79,0
DA:86,0
LF:30
LH:6
BRDA:13,0,0,0
BRDA:13,1,0,0
BRDA:13,1,1,0
BRDA:40,2,0,0
BRDA:56,3,0,0
BRDA:56,4,0,0
BRDA:56,4,1,0
BRF:7
BRH:0
end_of_record
TN:
SF:src/middleware/error-handler.ts
FN:7,(anonymous_0)
FN:25,(anonymous_1)
FN:42,(anonymous_2)
FNF:3
FNH:1
FNDA:1,(anonymous_0)
FNDA:0,(anonymous_1)
FNDA:0,(anonymous_2)
DA:7,1
DA:8,1
DA:9,1
DA:10,1
DA:11,1
DA:12,1
DA:13,1
DA:14,1
DA:20,1
DA:31,0
DA:32,0
DA:33,0
DA:34,0
DA:35,0
DA:42,1
DA:43,0
DA:45,0
DA:46,0
DA:59,0
DA:66,0
LF:20
LH:10
BRDA:7,0,0,1
BRDA:7,0,1,1
BRDA:27,1,0,0
BRDA:28,2,0,0
BRDA:45,3,0,0
BRDA:59,4,0,0
BRDA:59,4,1,0
BRDA:59,5,0,0
BRDA:59,5,1,0
BRDA:59,5,2,0
BRDA:59,5,3,0
BRDA:69,6,0,0
BRDA:69,6,1,0
BRF:13
BRH:2
end_of_record
TN:
SF:src/middleware/index.ts
FN:7,(anonymous_0)
FN:8,(anonymous_1)
FN:9,(anonymous_2)
FN:10,(anonymous_3)
FN:11,(anonymous_4)
FN:12,(anonymous_5)
FN:13,(anonymous_6)
FN:14,(anonymous_7)
FNF:8
FNH:3
FNDA:2,(anonymous_0)
FNDA:0,(anonymous_1)
FNDA:0,(anonymous_2)
FNDA:0,(anonymous_3)
FNDA:0,(anonymous_4)
FNDA:0,(anonymous_5)
FNDA:1,(anonymous_6)
FNDA:2,(anonymous_7)
DA:1,1
DA:2,1
DA:3,1
DA:4,1
DA:7,3
DA:8,1
DA:9,1
DA:10,1
DA:11,1
DA:12,1
DA:13,2
DA:14,3
LF:12
LH:12
BRF:0
BRH:0
end_of_record
TN:
SF:src/middleware/rate-limit.ts
FN:21,cleanupStore
FN:36,getClientIp
FN:48,rateLimit
FN:55,(anonymous_3)
FN:60,(anonymous_4)
FNF:5
FNH:2
FNDA:0,cleanupStore
FNDA:0,getClientIp
FNDA:3,rateLimit
FNDA:18,(anonymous_3)
FNDA:0,(anonymous_4)
DA:2,1
DA:3,1
DA:16,1
DA:22,0
DA:23,0
DA:24,0
DA:25,0
DA:31,1
DA:37,0
DA:48,1
DA:54,3
DA:55,3
DA:56,18
DA:60,0
DA:62,0
DA:64,0
DA:67,0
DA:68,0
DA:75,0
DA:78,0
DA:79,0
DA:81,0
DA:82,0
DA:83,0
DA:86,0
DA:87,0
DA:91,0
DA:98,1
DA:106,1
DA:114,1
LF:30
LH:11
BRDA:24,0,0,0
BRDA:38,1,0,0
BRDA:38,1,1,0
BRDA:38,1,2,0
BRDA:54,2,0,3
BRDA:62,3,0,0
BRDA:62,3,1,0
BRDA:67,4,0,0
BRDA:67,5,0,0
BRDA:67,5,1,0
BRDA:86,6,0,0
BRF:11
BRH:1
end_of_record
TN:
SF:src/middleware/validation.ts
FN:8,(anonymous_0)
FN:9,(anonymous_1)
FN:40,(anonymous_2)
FN:41,(anonymous_3)
FN:72,(anonymous_4)
FN:73,(anonymous_5)
FNF:6
FNH:0
FNDA:0,(anonymous_0)
FNDA:0,(anonymous_1)
FNDA:0,(anonymous_2)
FNDA:0,(anonymous_3)
FNDA:0,(anonymous_4)
FNDA:0,(anonymous_5)
DA:2,1
DA:3,1
DA:8,1
DA:9,0
DA:10,0
DA:11,0
DA:12,0
DA:15,0
DA:17,0
DA:19,0
DA:20,0
DA:28,0
DA:40,1
DA:41,0
DA:42,0
DA:43,0
DA:44,0
DA:47,0
DA:49,0
DA:51,0
DA:52,0
DA:60,0
DA:72,1
DA:73,0
DA:74,0
DA:75,0
DA:76,0
DA:79,0
DA:81,0
DA:83,0
DA:84,0
DA:92,0
LF:32
LH:5
BRDA:19,0,0,0
BRDA:51,1,0,0
BRDA:83,2,0,0
BRF:3
BRH:0
end_of_record
TN:
SF:src/routes/admin.routes.ts
FN:24,(anonymous_0)
FN:80,(anonymous_1)
FN:135,(anonymous_2)
FN:201,(anonymous_3)
FN:263,(anonymous_4)
FN:309,(anonymous_5)
FN:379,(anonymous_6)
FN:445,(anonymous_7)
FNF:8
FNH:0
FNDA:0,(anonymous_0)
FNDA:0,(anonymous_1)
FNDA:0,(anonymous_2)
FNDA:0,(anonymous_3)
FNDA:0,(anonymous_4)
FNDA:0,(anonymous_5)
FNDA:0,(anonymous_6)
FNDA:0,(anonymous_7)
DA:1,0
DA:2,0
DA:3,0
DA:4,0
DA:5,0
DA:6,0
DA:7,0
DA:13,0
DA:25,0
DA:27,0
DA:28,0
DA:37,0
DA:80,0
DA:81,0
DA:83,0
DA:135,0
DA:136,0
DA:138,0
DA:147,0
DA:198,0
DA:202,0
DA:203,0
DA:205,0
DA:206,0
DA:215,0
DA:217,0
DA:260,0
DA:264,0
DA:266,0
DA:268,0
DA:306,0
DA:310,0
DA:312,0
DA:314,0
DA:379,0
DA:387,0
DA:389,0
DA:400,0
DA:442,0
DA:446,0
DA:448,0
DA:450,0
DA:457,0
LF:43
LH:0
BRDA:27,0,0,0
BRDA:136,1,0,0
BRDA:136,2,0,0
BRDA:205,3,0,0
BRDA:205,4,0,0
BRDA:205,4,1,0
BRDA:381,5,0,0
BRDA:382,6,0,0
BRF:8
BRH:0
end_of_record
TN:
SF:src/routes/auth.routes.ts
FN:60,(anonymous_0)
FN:136,(anonymous_1)
FN:219,(anonymous_2)
FN:269,(anonymous_3)
FN:315,(anonymous_4)
FN:377,(anonymous_5)
FN:436,(anonymous_6)
FNF:7
FNH:0
FNDA:0,(anonymous_0)
FNDA:0,(anonymous_1)
FNDA:0,(anonymous_2)
FNDA:0,(anonymous_3)
FNDA:0,(anonymous_4)
FNDA:0,(anonymous_5)
FNDA:0,(anonymous_6)
DA:1,0
DA:2,0
DA:3,0
DA:4,0
DA:5,0
DA:6,0
DA:7,0
DA:12,0
DA:13,0
DA:16,0
DA:24,0
DA:36,0
DA:41,0
DA:46,0
DA:54,0
DA:57,0
DA:60,0
DA:61,0
DA:62,0
DA:65,0
DA:67,0
DA:68,0
DA:76,0
DA:78,0
DA:79,0
DA:87,0
DA:88,0
DA:96,0
DA:102,0
DA:103,0
DA:105,0
DA:123,0
DA:124,0
DA:125,0
DA:127,0
DA:136,0
DA:137,0
DA:138,0
DA:141,0
DA:145,0
DA:146,0
DA:154,0
DA:158,0
DA:161,0
DA:162,0
DA:165,0
DA:178,0
DA:187,0
DA:193,0
DA:210,0
DA:211,0
DA:212,0
DA:214,0
DA:219,0
DA:220,0
DA:221,0
DA:224,0
DA:228,0
DA:229,0
DA:233,0
DA:235,0
DA:238,0
DA:242,0
DA:248,0
DA:252,0
DA:260,0
DA:261,0
DA:262,0
DA:264,0
DA:269,0
DA:270,0
DA:271,0
DA:273,0
DA:274,0
DA:282,0
DA:285,0
DA:291,0
DA:302,0
DA:303,0
DA:312,0
DA:316,0
DA:317,0
DA:320,0
DA:322,0
DA:324,0
DA:336,0
DA:339,0
DA:340,0
DA:343,0
DA:352,0
DA:354,0
DA:363,0
DA:364,0
DA:374,0
DA:378,0
DA:379,0
DA:382,0
DA:386,0
DA:387,0
DA:395,0
DA:397,0
DA:400,0
DA:404,0
DA:407,0
DA:413,0
DA:417,0
DA:426,0
DA:427,0
DA:428,0
DA:430,0
DA:436,0
DA:439,0
DA:448,0
LF:113
LH:0
BRDA:67,0,0,0
BRDA:78,1,0,0
BRDA:87,2,0,0
BRDA:124,3,0,0
BRDA:145,4,0,0
BRDA:211,5,0,0
BRDA:228,6,0,0
BRDA:233,7,0,0
BRDA:261,8,0,0
BRDA:273,9,0,0
BRDA:322,10,0,0
BRDA:386,11,0,0
BRDA:395,12,0,0
BRDA:427,13,0,0
BRF:14
BRH:0
end_of_record
TN:
SF:src/routes/index.ts
FN:40,(anonymous_1)
FN:78,(anonymous_2)
FNF:2
FNH:0
FNDA:0,(anonymous_1)
FNDA:0,(anonymous_2)
DA:1,1
DA:2,1
DA:3,1
DA:4,1
DA:5,1
DA:6,1
DA:7,1
DA:8,1
DA:9,1
DA:10,1
DA:13,1
DA:16,1
DA:17,1
DA:18,1
DA:21,1
DA:31,1
DA:36,1
DA:37,1
DA:40,1
DA:41,0
DA:43,0
DA:44,0
DA:56,0
DA:63,0
DA:73,1
DA:74,1
DA:75,1
DA:78,1
DA:79,0
DA:85,1
LF:30
LH:24
BRDA:43,0,0,0
BRDA:56,1,0,0
BRDA:56,1,1,0
BRDA:56,2,0,0
BRDA:56,2,1,0
BRDA:56,2,2,0
BRDA:56,2,3,0
BRDA:66,3,0,0
BRDA:66,3,1,0
BRF:9
BRH:0
end_of_record
TN:
SF:src/routes/metadata.routes.ts
FN:46,(anonymous_0)
FN:87,(anonymous_1)
FN:137,(anonymous_2)
FN:187,(anonymous_3)
FN:255,(anonymous_4)
FN:325,(anonymous_5)
FNF:6
FNH:0
FNDA:0,(anonymous_0)
FNDA:0,(anonymous_1)
FNDA:0,(anonymous_2)
FNDA:0,(anonymous_3)
FNDA:0,(anonymous_4)
FNDA:0,(anonymous_5)
DA:1,0
DA:2,0
DA:3,0
DA:4,0
DA:5,0
DA:14,0
DA:46,0
DA:47,0
DA:48,0
DA:50,0
DA:52,0
DA:87,0
DA:88,0
DA:90,0
DA:92,0
DA:137,0
DA:138,0
DA:139,0
DA:140,0
DA:141,0
DA:143,0
DA:145,0
DA:187,0
DA:188,0
DA:189,0
DA:190,0
DA:192,0
DA:194,0
DA:255,0
DA:263,0
DA:265,0
DA:276,0
DA:325,0
DA:326,0
DA:332,0
DA:334,0
DA:343,0
DA:349,0
LF:38
LH:0
BRDA:257,0,0,0
BRDA:258,1,0,0
BRDA:328,2,0,0
BRDA:329,3,0,0
BRF:4
BRH:0
end_of_record
TN:
SF:src/routes/user.routes.new.ts
FN:55,(anonymous_0)
FN:100,(anonymous_1)
FN:147,(anonymous_2)
FN:160,adminOnly
FN:161,(anonymous_4)
FN:243,(anonymous_5)
FNF:6
FNH:1
FNDA:0,(anonymous_0)
FNDA:0,(anonymous_1)
FNDA:0,(anonymous_2)
FNDA:1,adminOnly
FNDA:0,(anonymous_4)
FNDA:0,(anonymous_5)
DA:1,1
DA:3,1
DA:4,1
DA:11,1
DA:18,1
DA:27,1
DA:55,1
DA:56,0
DA:58,0
DA:60,0
DA:100,1
DA:101,0
DA:102,0
DA:104,0
DA:106,0
DA:147,1
DA:148,0
DA:149,0
DA:151,0
DA:153,0
DA:161,1
DA:162,0
DA:164,0
DA:165,0
DA:174,0
DA:179,1
DA:243,1
DA:244,0
DA:246,0
DA:255,0
DA:262,1
DA:265,1
LF:32
LH:14
BRDA:164,0,0,0
BRDA:244,1,0,0
BRDA:244,2,0,0
BRF:3
BRH:0
end_of_record
TN:
SF:src/routes/user.routes.ts
FN:48,(anonymous_0)
FN:89,(anonymous_1)
FN:138,(anonymous_2)
FN:161,(anonymous_3)
FN:223,(anonymous_4)
FN:272,(anonymous_5)
FN:331,(anonymous_6)
FN:393,(anonymous_7)
FNF:8
FNH:0
FNDA:0,(anonymous_0)
FNDA:0,(anonymous_1)
FNDA:0,(anonymous_2)
FNDA:0,(anonymous_3)
FNDA:0,(anonymous_4)
FNDA:0,(anonymous_5)
FNDA:0,(anonymous_6)
FNDA:0,(anonymous_7)
DA:1,0
DA:2,0
DA:3,0
DA:4,0
DA:5,0
DA:11,0
DA:17,0
DA:48,0
DA:49,0
DA:50,0
DA:52,0
DA:86,0
DA:90,0
DA:91,0
DA:93,0
DA:95,0
DA:135,0
DA:139,0
DA:140,0
DA:142,0
DA:144,0
DA:152,0
DA:162,0
DA:164,0
DA:165,0
DA:174,0
DA:223,0
DA:224,0
DA:226,0
DA:235,0
DA:272,0
DA:273,0
DA:275,0
DA:277,0
DA:328,0
DA:332,0
DA:333,0
DA:335,0
DA:336,0
DA:345,0
DA:347,0
DA:390,0
DA:394,0
DA:396,0
DA:398,0
DA:406,0
DA:408,0
LF:47
LH:0
BRDA:164,0,0,0
BRDA:224,1,0,0
BRDA:224,2,0,0
BRDA:335,3,0,0
BRDA:335,4,0,0
BRDA:335,4,1,0
BRF:6
BRH:0
end_of_record
TN:
SF:src/routes/auth/index.ts
FN:46,(anonymous_0)
FN:90,(anonymous_1)
FN:121,(anonymous_2)
FN:152,(anonymous_3)
FN:188,(anonymous_4)
FN:212,(anonymous_5)
FNF:6
FNH:1
FNDA:2,(anonymous_0)
FNDA:0,(anonymous_1)
FNDA:0,(anonymous_2)
FNDA:0,(anonymous_3)
FNDA:0,(anonymous_4)
FNDA:0,(anonymous_5)
DA:1,1
DA:2,1
DA:3,1
DA:10,1
DA:13,1
DA:16,1
DA:46,1
DA:48,2
DA:90,1
DA:92,0
DA:118,1
DA:123,0
DA:149,1
DA:154,0
DA:185,1
DA:190,0
DA:212,1
DA:214,0
DA:217,1
LF:19
LH:14
BRF:0
BRH:0
end_of_record
TN:
SF:src/services/admin.service.ts
FN:26,(anonymous_0)
FN:60,(anonymous_1)
FN:64,(anonymous_2)
FN:87,(anonymous_3)
FN:119,(anonymous_4)
FN:136,(anonymous_5)
FN:142,(anonymous_6)
FN:195,(anonymous_7)
FN:212,(anonymous_8)
FNF:9
FNH:0
FNDA:0,(anonymous_0)
FNDA:0,(anonymous_1)
FNDA:0,(anonymous_2)
FNDA:0,(anonymous_3)
FNDA:0,(anonymous_4)
FNDA:0,(anonymous_5)
FNDA:0,(anonymous_6)
FNDA:0,(anonymous_7)
FNDA:0,(anonymous_8)
DA:1,0
DA:2,0
DA:3,0
DA:14,0
DA:22,0
DA:33,0
DA:34,0
DA:36,0
DA:37,0
DA:39,0
DA:42,0
DA:46,0
DA:48,0
DA:61,0
DA:63,0
DA:64,0
DA:91,0
DA:93,0
DA:94,0
DA:97,0
DA:101,0
DA:120,0
DA:122,0
DA:123,0
DA:127,0
DA:130,0
DA:139,0
DA:141,0
DA:142,0
DA:196,0
DA:198,0
DA:199,0
DA:206,0
DA:213,0
DA:215,0
DA:216,0
DA:219,0
DA:223,0
LF:38
LH:0
BRDA:67,0,0,0
BRDA:67,0,1,0
BRDA:70,1,0,0
BRDA:70,1,1,0
BRDA:71,2,0,0
BRDA:71,2,1,0
BRDA:72,3,0,0
BRDA:72,3,1,0
BRDA:73,4,0,0
BRDA:73,4,1,0
BRDA:93,5,0,0
BRDA:104,6,0,0
BRDA:104,6,1,0
BRDA:107,7,0,0
BRDA:107,7,1,0
BRDA:108,8,0,0
BRDA:108,8,1,0
BRDA:109,9,0,0
BRDA:109,9,1,0
BRDA:110,10,0,0
BRDA:110,10,1,0
BRDA:122,11,0,0
BRDA:158,12,0,0
BRDA:158,12,1,0
BRDA:160,13,0,0
BRDA:160,13,1,0
BRDA:161,14,0,0
BRDA:161,14,1,0
BRDA:162,15,0,0
BRDA:162,15,1,0
BRDA:164,16,0,0
BRDA:164,16,1,0
BRDA:165,17,0,0
BRDA:165,17,1,0
BRDA:166,18,0,0
BRDA:166,18,1,0
BRDA:167,19,0,0
BRDA:167,19,1,0
BRDA:168,20,0,0
BRDA:168,20,1,0
BRDA:169,21,0,0
BRDA:169,21,1,0
BRDA:172,22,0,0
BRDA:172,22,1,0
BRDA:173,23,0,0
BRDA:173,23,1,0
BRDA:180,24,0,0
BRDA:180,24,1,0
BRDA:198,25,0,0
BRDA:215,26,0,0
BRDA:226,27,0,0
BRDA:226,27,1,0
BRDA:229,28,0,0
BRDA:229,28,1,0
BRDA:230,29,0,0
BRDA:230,29,1,0
BRDA:231,30,0,0
BRDA:231,30,1,0
BRDA:232,31,0,0
BRDA:232,31,1,0
BRF:60
BRH:0
end_of_record
TN:
SF:src/services/auth.service.ts
FN:22,(anonymous_0)
FN:74,(anonymous_1)
FN:130,(anonymous_2)
FN:154,(anonymous_3)
FN:184,(anonymous_4)
FN:232,(anonymous_5)
FNF:6
FNH:0
FNDA:0,(anonymous_0)
FNDA:0,(anonymous_1)
FNDA:0,(anonymous_2)
FNDA:0,(anonymous_3)
FNDA:0,(anonymous_4)
FNDA:0,(anonymous_5)
DA:1,0
DA:2,0
DA:3,0
DA:4,0
DA:10,0
DA:11,0
DA:12,0
DA:13,0
DA:18,0
DA:23,0
DA:26,0
DA:28,0
DA:29,0
DA:37,0
DA:39,0
DA:40,0
DA:48,0
DA:54,0
DA:55,0
DA:57,0
DA:75,0
DA:78,0
DA:80,0
DA:81,0
DA:89,0
DA:92,0
DA:104,0
DA:110,0
DA:111,0
DA:113,0
DA:133,0
DA:135,0
DA:138,0
DA:139,0
DA:141,0
DA:143,0
DA:156,0
DA:158,0
DA:160,0
DA:164,0
DA:165,0
DA:166,0
DA:169,0
DA:178,0
DA:186,0
DA:190,0
DA:191,0
DA:199,0
DA:201,0
DA:205,0
DA:209,0
DA:211,0
DA:212,0
DA:216,0
DA:219,0
DA:224,0
DA:234,0
DA:238,0
DA:239,0
DA:247,0
DA:249,0
DA:253,0
DA:257,0
DA:259,0
DA:260,0
DA:264,0
DA:269,0
LF:67
LH:0
BRDA:28,0,0,0
BRDA:39,1,0,0
BRDA:60,2,0,0
BRDA:60,2,1,0
BRDA:63,3,0,0
BRDA:63,3,1,0
BRDA:64,4,0,0
BRDA:64,4,1,0
BRDA:80,5,0,0
BRDA:116,6,0,0
BRDA:116,6,1,0
BRDA:119,7,0,0
BRDA:119,7,1,0
BRDA:120,8,0,0
BRDA:120,8,1,0
BRDA:158,9,0,0
BRDA:190,10,0,0
BRDA:199,11,0,0
BRDA:211,12,0,0
BRDA:238,13,0,0
BRDA:247,14,0,0
BRDA:259,15,0,0
BRF:22
BRH:0
end_of_record
TN:
SF:src/services/email.service.ts
FN:11,(anonymous_1)
FN:36,(anonymous_2)
FN:59,(anonymous_3)
FN:75,sendEmail
FNF:4
FNH:0
FNDA:0,(anonymous_1)
FNDA:0,(anonymous_2)
FNDA:0,(anonymous_3)
FNDA:0,sendEmail
DA:1,0
DA:2,0
DA:7,0
DA:16,0
DA:18,0
DA:19,0
DA:30,0
DA:40,0
DA:42,0
DA:43,0
DA:53,0
DA:60,0
DA:61,0
DA:68,0
DA:84,0
DA:86,0
DA:88,0
DA:99,0
DA:111,0
DA:119,0
DA:120,0
DA:121,0
LF:22
LH:0
BRDA:84,0,0,0
BRDA:84,0,1,0
BRDA:84,1,0,0
BRDA:84,1,1,0
BRDA:119,2,0,0
BRDA:119,3,0,0
BRDA:119,3,1,0
BRF:7
BRH:0
end_of_record
TN:
SF:src/services/metadata.service.ts
FN:19,(anonymous_0)
FN:88,(anonymous_1)
FN:147,(anonymous_2)
FN:223,(anonymous_3)
FN:253,(anonymous_4)
FN:259,(anonymous_5)
FN:312,(anonymous_6)
FN:319,(anonymous_7)
FNF:8
FNH:0
FNDA:0,(anonymous_0)
FNDA:0,(anonymous_1)
FNDA:0,(anonymous_2)
FNDA:0,(anonymous_3)
FNDA:0,(anonymous_4)
FNDA:0,(anonymous_5)
FNDA:0,(anonymous_6)
FNDA:0,(anonymous_7)
DA:1,0
DA:2,0
DA:3,0
DA:10,0
DA:15,0
DA:24,0
DA:26,0
DA:27,0
DA:31,0
DA:40,0
DA:89,0
DA:91,0
DA:92,0
DA:99,0
DA:153,0
DA:155,0
DA:156,0
DA:164,0
DA:165,0
DA:173,0
DA:175,0
DA:228,0
DA:230,0
DA:231,0
DA:239,0
DA:240,0
DA:247,0
DA:256,0
DA:258,0
DA:259,0
DA:316,0
DA:318,0
DA:319,0
LF:33
LH:0
BRDA:26,0,0,0
BRDA:56,1,0,0
BRDA:56,1,1,0
BRDA:58,2,0,0
BRDA:58,2,1,0
BRDA:59,3,0,0
BRDA:59,3,1,0
BRDA:60,4,0,0
BRDA:60,4,1,0
BRDA:62,5,0,0
BRDA:62,5,1,0
BRDA:63,6,0,0
BRDA:63,6,1,0
BRDA:64,7,0,0
BRDA:64,7,1,0
BRDA:65,8,0,0
BRDA:65,8,1,0
BRDA:66,9,0,0
BRDA:66,9,1,0
BRDA:67,10,0,0
BRDA:67,10,1,0
BRDA:70,11,0,0
BRDA:70,11,1,0
BRDA:71,12,0,0
BRDA:71,12,1,0
BRDA:78,13,0,0
BRDA:78,13,1,0
BRDA:91,14,0,0
BRDA:115,15,0,0
BRDA:115,15,1,0
BRDA:117,16,0,0
BRDA:117,16,1,0
BRDA:118,17,0,0
BRDA:118,17,1,0
BRDA:119,18,0,0
BRDA:119,18,1,0
BRDA:121,19,0,0
BRDA:121,19,1,0
BRDA:122,20,0,0
BRDA:122,20,1,0
BRDA:123,21,0,0
BRDA:123,21,1,0
BRDA:124,22,0,0
BRDA:124,22,1,0
BRDA:125,23,0,0
BRDA:125,23,1,0
BRDA:126,24,0,0
BRDA:126,24,1,0
BRDA:129,25,0,0
BRDA:129,25,1,0
BRDA:130,26,0,0
BRDA:130,26,1,0
BRDA:137,27,0,0
BRDA:137,27,1,0
BRDA:155,28,0,0
BRDA:164,29,0,0
BRDA:164,30,0,0
BRDA:164,30,1,0
BRDA:191,31,0,0
BRDA:191,31,1,0
BRDA:193,32,0,0
BRDA:193,32,1,0
BRDA:194,33,0,0
BRDA:194,33,1,0
BRDA:195,34,0,0
BRDA:195,34,1,0
BRDA:197,35,0,0
BRDA:197,35,1,0
BRDA:198,36,0,0
BRDA:198,36,1,0
BRDA:199,37,0,0
BRDA:199,37,1,0
BRDA:200,38,0,0
BRDA:200,38,1,0
BRDA:201,39,0,0
BRDA:201,39,1,0
BRDA:202,40,0,0
BRDA:202,40,1,0
BRDA:205,41,0,0
BRDA:205,41,1,0
BRDA:206,42,0,0
BRDA:206,42,1,0
BRDA:213,43,0,0
BRDA:213,43,1,0
BRDA:230,44,0,0
BRDA:239,45,0,0
BRDA:239,46,0,0
BRDA:239,46,1,0
BRDA:275,47,0,0
BRDA:275,47,1,0
BRDA:277,48,0,0
BRDA:277,48,1,0
BRDA:278,49,0,0
BRDA:278,49,1,0
BRDA:279,50,0,0
BRDA:279,50,1,0
BRDA:281,51,0,0
BRDA:281,51,1,0
BRDA:282,52,0,0
BRDA:282,52,1,0
BRDA:283,53,0,0
BRDA:283,53,1,0
BRDA:284,54,0,0
BRDA:284,54,1,0
BRDA:285,55,0,0
BRDA:285,55,1,0
BRDA:286,56,0,0
BRDA:286,56,1,0
BRDA:289,57,0,0
BRDA:289,57,1,0
BRDA:290,58,0,0
BRDA:290,58,1,0
BRDA:297,59,0,0
BRDA:297,59,1,0
BRDA:335,60,0,0
BRDA:335,60,1,0
BRDA:337,61,0,0
BRDA:337,61,1,0
BRDA:338,62,0,0
BRDA:338,62,1,0
BRDA:339,63,0,0
BRDA:339,63,1,0
BRDA:341,64,0,0
BRDA:341,64,1,0
BRDA:342,65,0,0
BRDA:342,65,1,0
BRDA:343,66,0,0
BRDA:343,66,1,0
BRDA:344,67,0,0
BRDA:344,67,1,0
BRDA:345,68,0,0
BRDA:345,68,1,0
BRDA:346,69,0,0
BRDA:346,69,1,0
BRDA:349,70,0,0
BRDA:349,70,1,0
BRDA:350,71,0,0
BRDA:350,71,1,0
BRDA:357,72,0,0
BRDA:357,72,1,0
BRF:140
BRH:0
end_of_record
TN:
SF:src/services/user.service.ts
FN:24,(anonymous_0)
FN:49,(anonymous_1)
FN:79,(anonymous_2)
FN:120,(anonymous_3)
FN:140,(anonymous_4)
FN:163,(anonymous_5)
FN:188,(anonymous_6)
FN:220,(anonymous_7)
FNF:8
FNH:0
FNDA:0,(anonymous_0)
FNDA:0,(anonymous_1)
FNDA:0,(anonymous_2)
FNDA:0,(anonymous_3)
FNDA:0,(anonymous_4)
FNDA:0,(anonymous_5)
FNDA:0,(anonymous_6)
FNDA:0,(anonymous_7)
DA:1,1
DA:2,1
DA:3,1
DA:12,1
DA:20,1
DA:25,0
DA:27,0
DA:28,0
DA:31,0
DA:53,0
DA:55,0
DA:56,0
DA:59,0
DA:61,0
DA:84,0
DA:86,0
DA:87,0
DA:92,0
DA:93,0
DA:94,0
DA:95,0
DA:99,0
DA:104,0
DA:105,0
DA:113,0
DA:114,0
DA:121,0
DA:124,0
DA:133,0
DA:134,0
DA:137,0
DA:139,0
DA:140,0
DA:164,0
DA:166,0
DA:167,0
DA:170,0
DA:192,0
DA:194,0
DA:195,0
DA:198,0
DA:202,0
DA:221,0
DA:223,0
DA:224,0
DA:227,0
LF:46
LH:5
BRDA:27,0,0,0
BRDA:33,1,0,0
BRDA:33,1,1,0
BRDA:36,2,0,0
BRDA:36,2,1,0
BRDA:37,3,0,0
BRDA:37,3,1,0
BRDA:38,4,0,0
BRDA:38,4,1,0
BRDA:39,5,0,0
BRDA:39,5,1,0
BRDA:55,6,0,0
BRDA:63,7,0,0
BRDA:63,7,1,0
BRDA:66,8,0,0
BRDA:66,8,1,0
BRDA:67,9,0,0
BRDA:67,9,1,0
BRDA:68,10,0,0
BRDA:68,10,1,0
BRDA:69,11,0,0
BRDA:69,11,1,0
BRDA:86,12,0,0
BRDA:92,13,0,0
BRDA:104,14,0,0
BRDA:133,15,0,0
BRDA:142,16,0,0
BRDA:142,16,1,0
BRDA:146,17,0,0
BRDA:146,17,1,0
BRDA:147,18,0,0
BRDA:147,18,1,0
BRDA:148,19,0,0
BRDA:148,19,1,0
BRDA:149,20,0,0
BRDA:149,20,1,0
BRDA:166,21,0,0
BRDA:172,22,0,0
BRDA:172,22,1,0
BRDA:175,23,0,0
BRDA:175,23,1,0
BRDA:176,24,0,0
BRDA:176,24,1,0
BRDA:177,25,0,0
BRDA:177,25,1,0
BRDA:178,26,0,0
BRDA:178,26,1,0
BRDA:194,27,0,0
BRDA:204,28,0,0
BRDA:204,28,1,0
BRDA:207,29,0,0
BRDA:207,29,1,0
BRDA:208,30,0,0
BRDA:208,30,1,0
BRDA:209,31,0,0
BRDA:209,31,1,0
BRDA:210,32,0,0
BRDA:210,32,1,0
BRDA:223,33,0,0
BRF:59
BRH:0
end_of_record
TN:
SF:src/types/auth.types.ts
FN:6,(anonymous_0)
FNF:1
FNH:1
FNDA:1,(anonymous_0)
DA:1,1
DA:6,1
DA:7,1
DA:8,1
DA:9,1
DA:15,1
DA:25,1
DA:39,1
DA:48,1
DA:58,1
DA:68,1
LF:11
LH:11
BRDA:6,0,0,1
BRDA:6,0,1,1
BRF:2
BRH:2
end_of_record
TN:
SF:src/types/metadata.types.ts
FN:113,(anonymous_0)
FN:114,(anonymous_1)
FNF:2
FNH:0
FNDA:0,(anonymous_0)
FNDA:0,(anonymous_1)
DA:1,0
DA:6,0
DA:51,0
DA:60,0
DA:112,0
DA:113,0
DA:114,0
LF:7
LH:0
BRDA:113,0,0,0
BRDA:113,0,1,0
BRDA:114,1,0,0
BRDA:114,1,1,0
BRF:4
BRH:0
end_of_record
TN:
SF:src/types/user.types.ts
FN:65,(anonymous_0)
FN:69,(anonymous_1)
FNF:2
FNH:0
FNDA:0,(anonymous_0)
FNDA:0,(anonymous_1)
DA:1,0
DA:2,0
DA:7,0
DA:20,0
DA:29,0
DA:34,0
DA:61,0
DA:65,0
DA:69,0
DA:112,0
LF:10
LH:0
BRDA:65,0,0,0
BRDA:65,0,1,0
BRDA:69,1,0,0
BRDA:69,1,1,0
BRF:4
BRH:0
end_of_record
TN:
SF:src/utils/jwt.ts
FN:23,generateToken
FN:39,generateRefreshToken
FN:55,verifyToken
FN:67,verifyRefreshToken
FNF:4
FNH:0
FNDA:0,generateToken
FNDA:0,generateRefreshToken
FNDA:0,verifyToken
FNDA:0,verifyRefreshToken
DA:1,1
DA:2,1
DA:6,1
DA:7,1
DA:8,1
DA:23,1
DA:27,0
DA:33,0
DA:39,1
DA:43,0
DA:49,0
DA:55,1
DA:56,0
DA:57,0
DA:58,0
DA:60,0
DA:67,1
DA:68,0
DA:69,0
DA:70,0
DA:72,0
LF:21
LH:9
BRDA:25,0,0,0
BRDA:41,1,0,0
BRF:2
BRH:0
end_of_record
TN:
SF:src/utils/password.ts
FN:8,hashPassword
FN:19,comparePassword
FN:31,generateRandomPassword
FNF:3
FNH:0
FNDA:0,hashPassword
FNDA:0,comparePassword
FNDA:0,generateRandomPassword
DA:1,1
DA:8,1
DA:9,0
DA:10,0
DA:19,1
DA:23,0
DA:31,1
DA:33,0
DA:34,0
DA:36,0
DA:37,0
DA:38,0
DA:41,0
LF:13
LH:4
BRDA:31,0,0,0
BRF:1
BRH:0
end_of_record
TN:
SF:src/utils/role-mapper.ts
FN:7,mapPrismaRoleToAppRole
FN:25,mapAppRoleToPrismaRole
FN:41,isValidUserRole
FNF:3
FNH:0
FNDA:0,mapPrismaRoleToAppRole
FNDA:0,mapAppRoleToPrismaRole
FNDA:0,isValidUserRole
DA:1,1
DA:7,1
DA:10,0
DA:12,0
DA:14,0
DA:16,0
DA:18,0
DA:25,1
DA:26,0
DA:28,0
DA:30,0
DA:32,0
DA:34,0
DA:41,1
DA:42,0
LF:15
LH:4
BRDA:10,0,0,0
BRDA:10,0,1,0
BRDA:10,0,2,0
BRDA:10,0,3,0
BRDA:26,1,0,0
BRDA:26,1,1,0
BRDA:26,1,2,0
BRDA:26,1,3,0
BRF:8
BRH:0
end_of_record
